#
# There is insufficient memory for the Java Runtime Environment to continue.
# Native memory allocation (mmap) failed to map 339738624 bytes for G1 virtual space
# Possible reasons:
#   The system is out of physical RAM or swap space
#   The process is running with CompressedOops enabled, and the Java Heap may be blocking the growth of the native heap
# Possible solutions:
#   Reduce memory load on the system
#   Increase physical memory or swap space
#   Check if swap backing store is full
#   Decrease Java heap size (-Xmx/-Xms)
#   Decrease number of Java threads
#   Decrease Java thread stack sizes (-Xss)
#   Set larger code cache with -XX:ReservedCodeCacheSize=
#   JVM is running with Zero Based Compressed Oops mode in which the Java heap is
#     placed in the first 32GB address space. The Java Heap base address is the
#     maximum limit for the native heap growth. Please use -XX:HeapBaseMinAddress
#     to set the Java Heap base and to place the Java Heap above 32GB virtual address.
# This output file may be truncated or incomplete.
#
#  Out of Memory Error (os_windows.cpp:3541), pid=28436, tid=29500
#
# JRE version: OpenJDK Runtime Environment Temurin-17.0.4.1+1 (17.0.4.1+1) (build 17.0.4.1+1)
# Java VM: OpenJDK 64-Bit Server VM Temurin-17.0.4.1+1 (17.0.4.1+1, mixed mode, emulated-client, tiered, compressed oops, compressed class ptrs, g1 gc, windows-amd64)
# No core dump will be written. Minidumps are not enabled by default on client versions of Windows
#

---------------  S U M M A R Y ------------

Command Line: -Dsts.lsp.client=vscode -Dsts.log.file=/dev/null -XX:TieredStopAtLevel=1 -Dspring.config.location=file:c:\Users\9001433\.vscode\extensions\pivotal.vscode-spring-boot-1.38.0\language-server\BOOT-INF\classes\application.properties org.springframework.ide.vscode.boot.app.BootLanguageServerBootApp

Host: Intel(R) Core(TM) i7-8565U CPU @ 1.80GHz, 8 cores, 15G,  Windows 10 , 64 bit Build 19041 (10.0.19041.1889)
Time: Mon Nov  7 11:25:49 2022 Hora oficial do Brasil elapsed time: 6.532536 seconds (0d 0h 0m 6s)

---------------  T H R E A D  ---------------

Current thread (0x0000016ed5ebd1f0):  VMThread "VM Thread" [stack: 0x0000002099100000,0x0000002099200000] [id=29500]

Stack: [0x0000002099100000,0x0000002099200000]
Native frames: (J=compiled Java code, j=interpreted, Vv=VM code, C=native code)
V  [jvm.dll+0x67731a]
V  [jvm.dll+0x832284]
V  [jvm.dll+0x833a2e]
V  [jvm.dll+0x834093]
V  [jvm.dll+0x245775]
V  [jvm.dll+0x674209]
V  [jvm.dll+0x668a92]
V  [jvm.dll+0x30471b]
V  [jvm.dll+0x30bc66]
V  [jvm.dll+0x35ba9e]
V  [jvm.dll+0x35bccf]
V  [jvm.dll+0x2db5b8]
V  [jvm.dll+0x2d986c]
V  [jvm.dll+0x2d8e3c]
V  [jvm.dll+0x31cd9b]
V  [jvm.dll+0x83853b]
V  [jvm.dll+0x839274]
V  [jvm.dll+0x83978c]
V  [jvm.dll+0x839b64]
V  [jvm.dll+0x839c30]
V  [jvm.dll+0x7e240a]
V  [jvm.dll+0x6761a5]
C  [ucrtbase.dll+0x21bb2]
C  [KERNEL32.DLL+0x17034]
C  [ntdll.dll+0x526a1]

VM_Operation (0x000000209a9fdb60): G1CollectForAllocation, mode: safepoint, requested by thread 0x0000016ed89f2010


---------------  P R O C E S S  ---------------

Threads class SMR info:
_java_thread_list=0x0000016ed8e05570, length=40, elements={
0x0000016ed6837820, 0x0000016ed6849b10, 0x0000016ed6885130, 0x0000016ed6887dc0,
0x0000016ed6889690, 0x0000016ed688da60, 0x0000016ed6890330, 0x0000016ed6899050,
0x0000016ed6a83570, 0x0000016ed6a94be0, 0x0000016ed6aa3780, 0x0000016ed735c840,
0x0000016ed7167060, 0x0000016ed888bd90, 0x0000016ed89f2010, 0x0000016ed89f98d0,
0x0000016ed89f9da0, 0x0000016ed8a19160, 0x0000016ed8a1c670, 0x0000016ed8a1d900,
0x0000016ed8a1ddd0, 0x0000016ed86bc540, 0x0000016ed86bd880, 0x0000016ed86bca10,
0x0000016ed86bd3b0, 0x0000016ed86bc070, 0x0000016ed8a559a0, 0x0000016ed8a584f0,
0x0000016ed8a54b30, 0x0000016ed8a51b10, 0x0000016ed8a53cc0, 0x0000016ed8a52980,
0x0000016ed8a51fe0, 0x0000016ed8a53320, 0x0000016ed8a55000, 0x0000016ed8a58020,
0x0000016ed8a59360, 0x0000016ed8a537f0, 0x0000016ed8a56ce0, 0x0000016ed8a589c0
}

Java Threads: ( => current thread )
  0x0000016ed6837820 JavaThread "Reference Handler" daemon [_thread_blocked, id=28908, stack(0x0000002099200000,0x0000002099300000)]
  0x0000016ed6849b10 JavaThread "Finalizer" daemon [_thread_blocked, id=35016, stack(0x0000002099300000,0x0000002099400000)]
  0x0000016ed6885130 JavaThread "Signal Dispatcher" daemon [_thread_blocked, id=45624, stack(0x0000002099400000,0x0000002099500000)]
  0x0000016ed6887dc0 JavaThread "Attach Listener" daemon [_thread_blocked, id=77664, stack(0x0000002099500000,0x0000002099600000)]
  0x0000016ed6889690 JavaThread "Service Thread" daemon [_thread_blocked, id=28632, stack(0x0000002099600000,0x0000002099700000)]
  0x0000016ed688da60 JavaThread "Monitor Deflation Thread" daemon [_thread_blocked, id=30164, stack(0x0000002099700000,0x0000002099800000)]
  0x0000016ed6890330 JavaThread "C1 CompilerThread0" daemon [_thread_blocked, id=79256, stack(0x0000002099800000,0x0000002099900000)]
  0x0000016ed6899050 JavaThread "Sweeper thread" daemon [_thread_blocked, id=42960, stack(0x0000002099900000,0x0000002099a00000)]
  0x0000016ed6a83570 JavaThread "C1 CompilerThread1" daemon [_thread_blocked, id=27916, stack(0x0000002099a00000,0x0000002099b00000)]
  0x0000016ed6a94be0 JavaThread "Notification Thread" daemon [_thread_blocked, id=78492, stack(0x0000002099b00000,0x0000002099c00000)]
  0x0000016ed6aa3780 JavaThread "Common-Cleaner" daemon [_thread_blocked, id=16904, stack(0x0000002099d00000,0x0000002099e00000)]
  0x0000016ed735c840 JavaThread "C1 CompilerThread2" daemon [_thread_blocked, id=36852, stack(0x0000002099e00000,0x0000002099f00000)]
  0x0000016ed7167060 JavaThread "C1 CompilerThread3" daemon [_thread_blocked, id=80172, stack(0x0000002099f00000,0x000000209a000000)]
  0x0000016ed888bd90 JavaThread "ForkJoinPool.commonPool-worker-1" daemon [_thread_blocked, id=19164, stack(0x000000209a700000,0x000000209a800000)]
  0x0000016ed89f2010 JavaThread "ClassGraph-worker-0" daemon [_thread_blocked, id=75540, stack(0x000000209a900000,0x000000209aa00000)]
  0x0000016ed89f98d0 JavaThread "ClassGraph-worker-1" daemon [_thread_blocked, id=77296, stack(0x000000209aa00000,0x000000209ab00000)]
  0x0000016ed89f9da0 JavaThread "ClassGraph-worker-2" daemon [_thread_blocked, id=76060, stack(0x000000209ab00000,0x000000209ac00000)]
  0x0000016ed8a19160 JavaThread "ClassGraph-worker-3" daemon [_thread_blocked, id=79140, stack(0x000000209ac00000,0x000000209ad00000)]
  0x0000016ed8a1c670 JavaThread "ClassGraph-worker-4" daemon [_thread_blocked, id=78044, stack(0x000000209ad00000,0x000000209ae00000)]
  0x0000016ed8a1d900 JavaThread "ClassGraph-worker-5" daemon [_thread_blocked, id=70360, stack(0x000000209ae00000,0x000000209af00000)]
  0x0000016ed8a1ddd0 JavaThread "ClassGraph-worker-6" daemon [_thread_blocked, id=78156, stack(0x000000209af00000,0x000000209b000000)]
  0x0000016ed86bc540 JavaThread "ClassGraph-worker-7" daemon [_thread_blocked, id=78432, stack(0x000000209b000000,0x000000209b100000)]
  0x0000016ed86bd880 JavaThread "ClassGraph-worker-8" daemon [_thread_blocked, id=41440, stack(0x000000209b100000,0x000000209b200000)]
  0x0000016ed86bca10 JavaThread "ClassGraph-worker-9" daemon [_thread_blocked, id=81476, stack(0x000000209b200000,0x000000209b300000)]
  0x0000016ed86bd3b0 JavaThread "ClassGraph-worker-10" daemon [_thread_blocked, id=11784, stack(0x000000209b300000,0x000000209b400000)]
  0x0000016ed86bc070 JavaThread "ClassGraph-worker-11" daemon [_thread_blocked, id=77464, stack(0x000000209b400000,0x000000209b500000)]
  0x0000016ed8a559a0 JavaThread "ClassGraph-worker-12" daemon [_thread_blocked, id=78448, stack(0x000000209b500000,0x000000209b600000)]
  0x0000016ed8a584f0 JavaThread "ClassGraph-worker-13" daemon [_thread_blocked, id=81528, stack(0x000000209b600000,0x000000209b700000)]
  0x0000016ed8a54b30 JavaThread "pool-7-thread-1" [_thread_blocked, id=80060, stack(0x000000209b700000,0x000000209b800000)]
  0x0000016ed8a51b10 JavaThread "LanguageServerApp-lifecycle" [_thread_blocked, id=75964, stack(0x000000209b800000,0x000000209b900000)]
  0x0000016ed8a53cc0 JavaThread "DestroyJavaVM" [_thread_blocked, id=26284, stack(0x0000002098b00000,0x0000002098c00000)]
  0x0000016ed8a52980 JavaThread "pool-8-thread-1" [_thread_in_native, id=80432, stack(0x000000209b900000,0x000000209ba00000)]
  0x0000016ed8a51fe0 JavaThread "Simple-Language-Server main thread" daemon [_thread_blocked, id=77872, stack(0x000000209bb00000,0x000000209bc00000)]
  0x0000016ed8a53320 JavaThread "pool-5-thread-1" [_thread_blocked, id=69300, stack(0x000000209bc00000,0x000000209bd00000)]
  0x0000016ed8a55000 JavaThread "parallel-1" daemon [_thread_blocked, id=77556, stack(0x000000209bd00000,0x000000209be00000)]
  0x0000016ed8a58020 JavaThread "pool-2-thread-1" [_thread_blocked, id=76924, stack(0x000000209be00000,0x000000209bf00000)]
  0x0000016ed8a59360 JavaThread "ForkJoinPool.commonPool-worker-2" daemon [_thread_blocked, id=81584, stack(0x000000209bf00000,0x000000209c000000)]
  0x0000016ed8a537f0 JavaThread "pool-2-thread-2" [_thread_blocked, id=78436, stack(0x000000209c000000,0x000000209c100000)]
  0x0000016ed8a56ce0 JavaThread "Reconciler-1" daemon [_thread_blocked, id=77148, stack(0x000000209c100000,0x000000209c200000)]
  0x0000016ed8a589c0 JavaThread "parallel-2" daemon [_thread_blocked, id=45720, stack(0x000000209c200000,0x000000209c300000)]

Other Threads:
=>0x0000016ed5ebd1f0 VMThread "VM Thread" [stack: 0x0000002099100000,0x0000002099200000] [id=29500]
  0x0000016ec3897150 WatcherThread [stack: 0x0000002099c00000,0x0000002099d00000] [id=16328]
  0x0000016ec3870000 GCTaskThread "GC Thread#0" [stack: 0x0000002098c00000,0x0000002098d00000] [id=30492]
  0x0000016ed73f18e0 GCTaskThread "GC Thread#1" [stack: 0x000000209a000000,0x000000209a100000] [id=29480]
  0x0000016ed73f1b90 GCTaskThread "GC Thread#2" [stack: 0x000000209a100000,0x000000209a200000] [id=78688]
  0x0000016ed73f2a50 GCTaskThread "GC Thread#3" [stack: 0x000000209a200000,0x000000209a300000] [id=42276]
  0x0000016ed73f2d00 GCTaskThread "GC Thread#4" [stack: 0x000000209a300000,0x000000209a400000] [id=81752]
  0x0000016ed73f2fb0 GCTaskThread "GC Thread#5" [stack: 0x000000209a400000,0x000000209a500000] [id=73312]
  0x0000016ed81a9160 GCTaskThread "GC Thread#6" [stack: 0x000000209a500000,0x000000209a600000] [id=81700]
  0x0000016ed81b9840 GCTaskThread "GC Thread#7" [stack: 0x000000209a600000,0x000000209a700000] [id=48716]
  0x0000016ec3880aa0 ConcurrentGCThread "G1 Main Marker" [stack: 0x0000002098d00000,0x0000002098e00000] [id=10212]
  0x0000016ec3881b60 ConcurrentGCThread "G1 Conc#0" [stack: 0x0000002098e00000,0x0000002098f00000] [id=19948]
  0x0000016ed83c7430 ConcurrentGCThread "G1 Conc#1" [stack: 0x000000209a800000,0x000000209a900000] [id=76980]
  0x0000016ec38ce5b0 ConcurrentGCThread "G1 Refine#0" [stack: 0x0000002098f00000,0x0000002099000000] [id=26796]
  0x0000016ed8ec6d80 ConcurrentGCThread "G1 Refine#1" [stack: 0x000000209ba00000,0x000000209bb00000] [id=69132]
  0x0000016ed6956cf0 ConcurrentGCThread "G1 Refine#2" [stack: 0x000000209c300000,0x000000209c400000] [id=79888]
  0x0000016ed5d4b520 ConcurrentGCThread "G1 Service" [stack: 0x0000002099000000,0x0000002099100000] [id=18296]

Threads with active compile tasks:

VM state: at safepoint (normal execution)

VM Mutex/Monitor currently owned by a thread:  ([mutex/lock_event])
[0x0000016ec1e0c9f0] Threads_lock - owner thread: 0x0000016ed5ebd1f0
[0x0000016ec3802200] Heap_lock - owner thread: 0x0000016ed89f2010

Heap address: 0x0000000703a00000, size: 4038 MB, Compressed Oops mode: Zero based, Oop shift amount: 3

CDS archive(s) not mapped
Compressed class space mapped at: 0x0000000800000000-0x0000000840000000, reserved size: 1073741824
Narrow klass base: 0x0000000800000000, Narrow klass shift: 0, Narrow klass range: 0x40000000

GC Precious Log:
 CPUs: 8 total, 8 available
 Memory: 16144M
 Large Page Support: Disabled
 NUMA Support: Disabled
 Compressed Oops: Enabled (Zero based)
 Heap Region Size: 2M
 Heap Min Capacity: 8M
 Heap Initial Capacity: 254M
 Heap Max Capacity: 4038M
 Pre-touch: Disabled
 Parallel Workers: 8
 Concurrent Workers: 2
 Concurrent Refinement Workers: 8
 Periodic GC: Disabled

Heap:
 garbage-first heap   total 264192K, used 84373K [0x0000000703a00000, 0x0000000800000000)
  region size 2048K, 6 young (12288K), 6 survivors (12288K)
 Metaspace       used 35182K, committed 35456K, reserved 1081344K
  class space    used 4571K, committed 4672K, reserved 1048576K

Heap Regions: E=young(eden), S=young(survivor), O=old, HS=humongous(starts), HC=humongous(continues), CS=collection set, F=free, OA=open archive, CA=closed archive, TAMS=top-at-mark-start (previous, next)
|   0|0x0000000703a00000, 0x0000000703c00000, 0x0000000703c00000|100%| O|  |TAMS 0x0000000703c00000, 0x0000000703a00000| Untracked 
|   1|0x0000000703c00000, 0x0000000703e00000, 0x0000000703e00000|100%| O|  |TAMS 0x0000000703e00000, 0x0000000703c00000| Untracked 
|   2|0x0000000703e00000, 0x0000000704000000, 0x0000000704000000|100%| O|  |TAMS 0x0000000704000000, 0x0000000703e00000| Untracked 
|   3|0x0000000704000000, 0x0000000704200000, 0x0000000704200000|100%| O|  |TAMS 0x0000000704000000, 0x0000000704000000| Untracked 
|   4|0x0000000704200000, 0x0000000704400000, 0x0000000704400000|100%| O|  |TAMS 0x0000000704200000, 0x0000000704200000| Untracked 
|   5|0x0000000704400000, 0x0000000704600000, 0x0000000704600000|100%| O|  |TAMS 0x0000000704400000, 0x0000000704400000| Untracked 
|   6|0x0000000704600000, 0x0000000704800000, 0x0000000704800000|100%| O|  |TAMS 0x0000000704600000, 0x0000000704600000| Untracked 
|   7|0x0000000704800000, 0x0000000704a00000, 0x0000000704a00000|100%| O|  |TAMS 0x0000000704800000, 0x0000000704800000| Untracked 
|   8|0x0000000704a00000, 0x0000000704c00000, 0x0000000704c00000|100%| O|  |TAMS 0x0000000704a00000, 0x0000000704a00000| Untracked 
|   9|0x0000000704c00000, 0x0000000704e00000, 0x0000000704e00000|100%| O|  |TAMS 0x0000000704c00000, 0x0000000704c00000| Untracked 
|  10|0x0000000704e00000, 0x0000000705000000, 0x0000000705000000|100%| O|  |TAMS 0x0000000704e00000, 0x0000000704e00000| Untracked 
|  11|0x0000000705000000, 0x0000000705200000, 0x0000000705200000|100%| O|  |TAMS 0x0000000705000000, 0x0000000705000000| Untracked 
|  12|0x0000000705200000, 0x0000000705400000, 0x0000000705400000|100%| O|  |TAMS 0x0000000705200000, 0x0000000705200000| Untracked 
|  13|0x0000000705400000, 0x0000000705600000, 0x0000000705600000|100%| O|  |TAMS 0x0000000705400000, 0x0000000705400000| Untracked 
|  14|0x0000000705600000, 0x0000000705800000, 0x0000000705800000|100%| O|  |TAMS 0x0000000705600000, 0x0000000705600000| Untracked 
|  15|0x0000000705800000, 0x0000000705a00000, 0x0000000705a00000|100%| O|  |TAMS 0x0000000705800000, 0x0000000705800000| Untracked 
|  16|0x0000000705a00000, 0x0000000705c00000, 0x0000000705c00000|100%| O|  |TAMS 0x0000000705a00000, 0x0000000705a00000| Untracked 
|  17|0x0000000705c00000, 0x0000000705e00000, 0x0000000705e00000|100%| O|  |TAMS 0x0000000705c00000, 0x0000000705c00000| Untracked 
|  18|0x0000000705e00000, 0x0000000706000000, 0x0000000706000000|100%| O|  |TAMS 0x0000000705e00000, 0x0000000705e00000| Untracked 
|  19|0x0000000706000000, 0x0000000706200000, 0x0000000706200000|100%| O|  |TAMS 0x0000000706000000, 0x0000000706000000| Untracked 
|  20|0x0000000706200000, 0x0000000706400000, 0x0000000706400000|100%| O|  |TAMS 0x0000000706200000, 0x0000000706200000| Untracked 
|  21|0x0000000706400000, 0x0000000706600000, 0x0000000706600000|100%| O|  |TAMS 0x0000000706400000, 0x0000000706400000| Untracked 
|  22|0x0000000706600000, 0x0000000706800000, 0x0000000706800000|100%| O|  |TAMS 0x0000000706600000, 0x0000000706600000| Untracked 
|  23|0x0000000706800000, 0x0000000706a00000, 0x0000000706a00000|100%| O|  |TAMS 0x0000000706800000, 0x0000000706800000| Untracked 
|  24|0x0000000706a00000, 0x0000000706c00000, 0x0000000706c00000|100%| O|  |TAMS 0x0000000706a00000, 0x0000000706a00000| Untracked 
|  25|0x0000000706c00000, 0x0000000706e00000, 0x0000000706e00000|100%| O|  |TAMS 0x0000000706c00000, 0x0000000706c00000| Untracked 
|  26|0x0000000706e00000, 0x0000000707000000, 0x0000000707000000|100%| O|  |TAMS 0x0000000706e00000, 0x0000000706e00000| Untracked 
|  27|0x0000000707000000, 0x0000000707200000, 0x0000000707200000|100%| O|  |TAMS 0x0000000707000000, 0x0000000707000000| Untracked 
|  28|0x0000000707200000, 0x0000000707400000, 0x0000000707400000|100%| O|  |TAMS 0x0000000707200000, 0x0000000707200000| Untracked 
|  29|0x0000000707400000, 0x0000000707600000, 0x0000000707600000|100%| O|  |TAMS 0x0000000707400000, 0x0000000707400000| Untracked 
|  30|0x0000000707600000, 0x0000000707800000, 0x0000000707800000|100%| O|  |TAMS 0x0000000707600000, 0x0000000707600000| Untracked 
|  31|0x0000000707800000, 0x0000000707a00000, 0x0000000707a00000|100%| O|  |TAMS 0x0000000707800000, 0x0000000707800000| Untracked 
|  32|0x0000000707a00000, 0x0000000707c00000, 0x0000000707c00000|100%| O|  |TAMS 0x0000000707a00000, 0x0000000707a00000| Untracked 
|  33|0x0000000707c00000, 0x0000000707e00000, 0x0000000707e00000|100%| O|  |TAMS 0x0000000707c00000, 0x0000000707c00000| Untracked 
|  34|0x0000000707e00000, 0x0000000708000000, 0x0000000708000000|100%| O|  |TAMS 0x0000000707e00000, 0x0000000707e00000| Untracked 
|  35|0x0000000708000000, 0x000000070812b800, 0x0000000708200000| 58%| O|  |TAMS 0x0000000708000000, 0x0000000708000000| Untracked 
|  36|0x0000000708200000, 0x0000000708200000, 0x0000000708400000|  0%| F|  |TAMS 0x0000000708200000, 0x0000000708200000| Untracked 
|  37|0x0000000708400000, 0x0000000708400000, 0x0000000708600000|  0%| F|  |TAMS 0x0000000708400000, 0x0000000708400000| Untracked 
|  38|0x0000000708600000, 0x0000000708600000, 0x0000000708800000|  0%| F|  |TAMS 0x0000000708600000, 0x0000000708600000| Untracked 
|  39|0x0000000708800000, 0x0000000708800000, 0x0000000708a00000|  0%| F|  |TAMS 0x0000000708800000, 0x0000000708800000| Untracked 
|  40|0x0000000708a00000, 0x0000000708a00000, 0x0000000708c00000|  0%| F|  |TAMS 0x0000000708a00000, 0x0000000708a00000| Untracked 
|  41|0x0000000708c00000, 0x0000000708c00000, 0x0000000708e00000|  0%| F|  |TAMS 0x0000000708c00000, 0x0000000708c00000| Untracked 
|  42|0x0000000708e00000, 0x0000000708e00000, 0x0000000709000000|  0%| F|  |TAMS 0x0000000708e00000, 0x0000000708e00000| Untracked 
|  43|0x0000000709000000, 0x0000000709000000, 0x0000000709200000|  0%| F|  |TAMS 0x0000000709000000, 0x0000000709000000| Untracked 
|  44|0x0000000709200000, 0x0000000709200000, 0x0000000709400000|  0%| F|  |TAMS 0x0000000709200000, 0x0000000709200000| Untracked 
|  45|0x0000000709400000, 0x0000000709400000, 0x0000000709600000|  0%| F|  |TAMS 0x0000000709400000, 0x0000000709400000| Untracked 
|  46|0x0000000709600000, 0x0000000709600000, 0x0000000709800000|  0%| F|  |TAMS 0x0000000709600000, 0x0000000709600000| Untracked 
|  47|0x0000000709800000, 0x0000000709800000, 0x0000000709a00000|  0%| F|  |TAMS 0x0000000709800000, 0x0000000709800000| Untracked 
|  48|0x0000000709a00000, 0x0000000709a00000, 0x0000000709c00000|  0%| F|  |TAMS 0x0000000709a00000, 0x0000000709a00000| Untracked 
|  49|0x0000000709c00000, 0x0000000709c00000, 0x0000000709e00000|  0%| F|  |TAMS 0x0000000709c00000, 0x0000000709c00000| Untracked 
|  50|0x0000000709e00000, 0x0000000709e00000, 0x000000070a000000|  0%| F|  |TAMS 0x0000000709e00000, 0x0000000709e00000| Untracked 
|  51|0x000000070a000000, 0x000000070a000000, 0x000000070a200000|  0%| F|  |TAMS 0x000000070a000000, 0x000000070a000000| Untracked 
|  52|0x000000070a200000, 0x000000070a200000, 0x000000070a400000|  0%| F|  |TAMS 0x000000070a200000, 0x000000070a200000| Untracked 
|  53|0x000000070a400000, 0x000000070a400000, 0x000000070a600000|  0%| F|  |TAMS 0x000000070a400000, 0x000000070a400000| Untracked 
|  54|0x000000070a600000, 0x000000070a600000, 0x000000070a800000|  0%| F|  |TAMS 0x000000070a600000, 0x000000070a600000| Untracked 
|  55|0x000000070a800000, 0x000000070a800000, 0x000000070aa00000|  0%| F|  |TAMS 0x000000070a800000, 0x000000070a800000| Untracked 
|  56|0x000000070aa00000, 0x000000070aa00000, 0x000000070ac00000|  0%| F|  |TAMS 0x000000070aa00000, 0x000000070aa00000| Untracked 
|  57|0x000000070ac00000, 0x000000070ad39c50, 0x000000070ae00000| 61%| S|CS|TAMS 0x000000070ac00000, 0x000000070ac00000| Complete 
|  58|0x000000070ae00000, 0x000000070b000000, 0x000000070b000000|100%| S|CS|TAMS 0x000000070ae00000, 0x000000070ae00000| Complete 
|  59|0x000000070b000000, 0x000000070b200000, 0x000000070b200000|100%| S|CS|TAMS 0x000000070b000000, 0x000000070b000000| Complete 
|  60|0x000000070b200000, 0x000000070b400000, 0x000000070b400000|100%| S|CS|TAMS 0x000000070b200000, 0x000000070b200000| Complete 
|  61|0x000000070b400000, 0x000000070b600000, 0x000000070b600000|100%| S|CS|TAMS 0x000000070b400000, 0x000000070b400000| Complete 
|  62|0x000000070b600000, 0x000000070b600000, 0x000000070b800000|  0%| F|  |TAMS 0x000000070b600000, 0x000000070b600000| Untracked 
|  63|0x000000070b800000, 0x000000070b800000, 0x000000070ba00000|  0%| F|  |TAMS 0x000000070b800000, 0x000000070b800000| Untracked 
|  64|0x000000070ba00000, 0x000000070ba00000, 0x000000070bc00000|  0%| F|  |TAMS 0x000000070ba00000, 0x000000070ba00000| Untracked 
|  65|0x000000070bc00000, 0x000000070bc00000, 0x000000070be00000|  0%| F|  |TAMS 0x000000070bc00000, 0x000000070bc00000| Untracked 
|  66|0x000000070be00000, 0x000000070c000000, 0x000000070c000000|100%| S|CS|TAMS 0x000000070be00000, 0x000000070be00000| Complete 
|  67|0x000000070c000000, 0x000000070c000000, 0x000000070c200000|  0%| F|  |TAMS 0x000000070c000000, 0x000000070c000000| Untracked 
|  68|0x000000070c200000, 0x000000070c200000, 0x000000070c400000|  0%| F|  |TAMS 0x000000070c200000, 0x000000070c200000| Untracked 
|  69|0x000000070c400000, 0x000000070c400000, 0x000000070c600000|  0%| F|  |TAMS 0x000000070c400000, 0x000000070c400000| Untracked 
|  70|0x000000070c600000, 0x000000070c600000, 0x000000070c800000|  0%| F|  |TAMS 0x000000070c600000, 0x000000070c600000| Untracked 
|  71|0x000000070c800000, 0x000000070c800000, 0x000000070ca00000|  0%| F|  |TAMS 0x000000070c800000, 0x000000070c800000| Untracked 
|  72|0x000000070ca00000, 0x000000070ca00000, 0x000000070cc00000|  0%| F|  |TAMS 0x000000070ca00000, 0x000000070ca00000| Untracked 
|  73|0x000000070cc00000, 0x000000070cc00000, 0x000000070ce00000|  0%| F|  |TAMS 0x000000070cc00000, 0x000000070cc00000| Untracked 
|  74|0x000000070ce00000, 0x000000070ce00000, 0x000000070d000000|  0%| F|  |TAMS 0x000000070ce00000, 0x000000070ce00000| Untracked 
|  75|0x000000070d000000, 0x000000070d000000, 0x000000070d200000|  0%| F|  |TAMS 0x000000070d000000, 0x000000070d000000| Untracked 
|  76|0x000000070d200000, 0x000000070d200000, 0x000000070d400000|  0%| F|  |TAMS 0x000000070d200000, 0x000000070d200000| Untracked 
|  77|0x000000070d400000, 0x000000070d400000, 0x000000070d600000|  0%| F|  |TAMS 0x000000070d400000, 0x000000070d400000| Untracked 
|  78|0x000000070d600000, 0x000000070d600000, 0x000000070d800000|  0%| F|  |TAMS 0x000000070d600000, 0x000000070d600000| Untracked 
|  79|0x000000070d800000, 0x000000070d800000, 0x000000070da00000|  0%| F|  |TAMS 0x000000070d800000, 0x000000070d800000| Untracked 
|  80|0x000000070da00000, 0x000000070da00000, 0x000000070dc00000|  0%| F|  |TAMS 0x000000070da00000, 0x000000070da00000| Untracked 
|  81|0x000000070dc00000, 0x000000070dc00000, 0x000000070de00000|  0%| F|  |TAMS 0x000000070dc00000, 0x000000070dc00000| Untracked 
|  82|0x000000070de00000, 0x000000070de00000, 0x000000070e000000|  0%| F|  |TAMS 0x000000070de00000, 0x000000070de00000| Untracked 
|  83|0x000000070e000000, 0x000000070e000000, 0x000000070e200000|  0%| F|  |TAMS 0x000000070e000000, 0x000000070e000000| Untracked 
|  84|0x000000070e200000, 0x000000070e200000, 0x000000070e400000|  0%| F|  |TAMS 0x000000070e200000, 0x000000070e200000| Untracked 
|  85|0x000000070e400000, 0x000000070e400000, 0x000000070e600000|  0%| F|  |TAMS 0x000000070e400000, 0x000000070e400000| Untracked 
|  86|0x000000070e600000, 0x000000070e600000, 0x000000070e800000|  0%| F|  |TAMS 0x000000070e600000, 0x000000070e600000| Untracked 
|  87|0x000000070e800000, 0x000000070e800000, 0x000000070ea00000|  0%| F|  |TAMS 0x000000070e800000, 0x000000070e800000| Untracked 
|  88|0x000000070ea00000, 0x000000070ea00000, 0x000000070ec00000|  0%| F|  |TAMS 0x000000070ea00000, 0x000000070ea00000| Untracked 
|  89|0x000000070ec00000, 0x000000070ec00000, 0x000000070ee00000|  0%| F|  |TAMS 0x000000070ec00000, 0x000000070ec00000| Untracked 
|  90|0x000000070ee00000, 0x000000070ee00000, 0x000000070f000000|  0%| F|  |TAMS 0x000000070ee00000, 0x000000070ee00000| Untracked 
|  91|0x000000070f000000, 0x000000070f000000, 0x000000070f200000|  0%| F|  |TAMS 0x000000070f000000, 0x000000070f000000| Untracked 
|  92|0x000000070f200000, 0x000000070f200000, 0x000000070f400000|  0%| F|  |TAMS 0x000000070f200000, 0x000000070f200000| Untracked 
|  93|0x000000070f400000, 0x000000070f400000, 0x000000070f600000|  0%| F|  |TAMS 0x000000070f400000, 0x000000070f400000| Untracked 
|  94|0x000000070f600000, 0x000000070f600000, 0x000000070f800000|  0%| F|  |TAMS 0x000000070f600000, 0x000000070f600000| Untracked 
|  95|0x000000070f800000, 0x000000070f800000, 0x000000070fa00000|  0%| F|  |TAMS 0x000000070f800000, 0x000000070f800000| Untracked 
|  96|0x000000070fa00000, 0x000000070fa00000, 0x000000070fc00000|  0%| F|  |TAMS 0x000000070fa00000, 0x000000070fa00000| Untracked 
|  97|0x000000070fc00000, 0x000000070fc00000, 0x000000070fe00000|  0%| F|  |TAMS 0x000000070fc00000, 0x000000070fc00000| Untracked 
|  98|0x000000070fe00000, 0x000000070fe00000, 0x0000000710000000|  0%| F|  |TAMS 0x000000070fe00000, 0x000000070fe00000| Untracked 
|  99|0x0000000710000000, 0x0000000710000000, 0x0000000710200000|  0%| F|  |TAMS 0x0000000710000000, 0x0000000710000000| Untracked 
| 100|0x0000000710200000, 0x0000000710200000, 0x0000000710400000|  0%| F|  |TAMS 0x0000000710200000, 0x0000000710200000| Untracked 
| 101|0x0000000710400000, 0x0000000710400000, 0x0000000710600000|  0%| F|  |TAMS 0x0000000710400000, 0x0000000710400000| Untracked 
| 102|0x0000000710600000, 0x0000000710600000, 0x0000000710800000|  0%| F|  |TAMS 0x0000000710600000, 0x0000000710600000| Untracked 
| 103|0x0000000710800000, 0x0000000710800000, 0x0000000710a00000|  0%| F|  |TAMS 0x0000000710800000, 0x0000000710800000| Untracked 
| 104|0x0000000710a00000, 0x0000000710a00000, 0x0000000710c00000|  0%| F|  |TAMS 0x0000000710a00000, 0x0000000710a00000| Untracked 
| 105|0x0000000710c00000, 0x0000000710c00000, 0x0000000710e00000|  0%| F|  |TAMS 0x0000000710c00000, 0x0000000710c00000| Untracked 
| 106|0x0000000710e00000, 0x0000000710e00000, 0x0000000711000000|  0%| F|  |TAMS 0x0000000710e00000, 0x0000000710e00000| Untracked 
| 107|0x0000000711000000, 0x0000000711000000, 0x0000000711200000|  0%| F|  |TAMS 0x0000000711000000, 0x0000000711000000| Untracked 
| 108|0x0000000711200000, 0x0000000711200000, 0x0000000711400000|  0%| F|  |TAMS 0x0000000711200000, 0x0000000711200000| Untracked 
| 109|0x0000000711400000, 0x0000000711400000, 0x0000000711600000|  0%| F|  |TAMS 0x0000000711400000, 0x0000000711400000| Untracked 
| 110|0x0000000711600000, 0x0000000711600000, 0x0000000711800000|  0%| F|  |TAMS 0x0000000711600000, 0x0000000711600000| Untracked 
| 111|0x0000000711800000, 0x0000000711800000, 0x0000000711a00000|  0%| F|  |TAMS 0x0000000711800000, 0x0000000711800000| Untracked 
| 112|0x0000000711a00000, 0x0000000711a00000, 0x0000000711c00000|  0%| F|  |TAMS 0x0000000711a00000, 0x0000000711a00000| Untracked 
| 113|0x0000000711c00000, 0x0000000711c00000, 0x0000000711e00000|  0%| F|  |TAMS 0x0000000711c00000, 0x0000000711c00000| Untracked 
| 114|0x0000000711e00000, 0x0000000711e00000, 0x0000000712000000|  0%| F|  |TAMS 0x0000000711e00000, 0x0000000711e00000| Untracked 
| 115|0x0000000712000000, 0x0000000712000000, 0x0000000712200000|  0%| F|  |TAMS 0x0000000712000000, 0x0000000712000000| Untracked 
| 116|0x0000000712200000, 0x0000000712200000, 0x0000000712400000|  0%| F|  |TAMS 0x0000000712200000, 0x0000000712200000| Untracked 
| 117|0x0000000712400000, 0x0000000712400000, 0x0000000712600000|  0%| F|  |TAMS 0x0000000712400000, 0x0000000712400000| Untracked 
| 118|0x0000000712600000, 0x0000000712600000, 0x0000000712800000|  0%| F|  |TAMS 0x0000000712600000, 0x0000000712600000| Untracked 
| 119|0x0000000712800000, 0x0000000712800000, 0x0000000712a00000|  0%| F|  |TAMS 0x0000000712800000, 0x0000000712800000| Untracked 
| 120|0x0000000712a00000, 0x0000000712a00000, 0x0000000712c00000|  0%| F|  |TAMS 0x0000000712a00000, 0x0000000712a00000| Untracked 
| 121|0x0000000712c00000, 0x0000000712c00000, 0x0000000712e00000|  0%| F|  |TAMS 0x0000000712c00000, 0x0000000712c00000| Untracked 
| 122|0x0000000712e00000, 0x0000000712e00000, 0x0000000713000000|  0%| F|  |TAMS 0x0000000712e00000, 0x0000000712e00000| Untracked 
| 123|0x0000000713000000, 0x0000000713000000, 0x0000000713200000|  0%| F|  |TAMS 0x0000000713000000, 0x0000000713000000| Untracked 
| 124|0x0000000713200000, 0x0000000713200000, 0x0000000713400000|  0%| F|  |TAMS 0x0000000713200000, 0x0000000713200000| Untracked 
| 125|0x0000000713400000, 0x0000000713400000, 0x0000000713600000|  0%| F|  |TAMS 0x0000000713400000, 0x0000000713400000| Untracked 
| 126|0x0000000713600000, 0x0000000713600000, 0x0000000713800000|  0%| F|  |TAMS 0x0000000713600000, 0x0000000713600000| Untracked 
| 127|0x0000000713800000, 0x0000000713800000, 0x0000000713a00000|  0%| F|  |TAMS 0x0000000713800000, 0x0000000713800000| Untracked 
| 128|0x0000000713a00000, 0x0000000713a00000, 0x0000000713c00000|  0%| F|  |TAMS 0x0000000713a00000, 0x0000000713a00000| Untracked 

Card table byte_map: [0x0000016eca590000,0x0000016ecad80000] _byte_map_base: 0x0000016ec6d73000

Marking Bits (Prev, Next): (CMBitMap*) 0x0000016ec3870560, (CMBitMap*) 0x0000016ec3870520
 Prev Bits: [0x0000016ecf490000, 0x0000016ed33a8000)
 Next Bits: [0x0000016ecb570000, 0x0000016ecf488000)

Polling page: 0x0000016ec1f90000

Metaspace:

Usage:
  Non-class:     29.89 MB used.
      Class:      4.46 MB used.
       Both:     34.36 MB used.

Virtual space:
  Non-class space:       32.00 MB reserved,      30.06 MB ( 94%) committed,  4 nodes.
      Class space:        1.00 GB reserved,       4.56 MB ( <1%) committed,  1 nodes.
             Both:        1.03 GB reserved,      34.62 MB (  3%) committed. 

Chunk freelists:
   Non-Class:  1.55 MB
       Class:  3.38 MB
        Both:  4.92 MB

MaxMetaspaceSize: unlimited
CompressedClassSpaceSize: 1.00 GB
Initial GC threshold: 21.00 MB
Current GC threshold: 35.25 MB
CDS: off
MetaspaceReclaimPolicy: balanced
 - commit_granule_bytes: 65536.
 - commit_granule_words: 8192.
 - virtual_space_node_default_size: 1048576.
 - enlarge_chunks_in_place: 1.
 - new_chunks_are_fully_committed: 0.
 - uncommit_free_chunks: 1.
 - use_allocation_guard: 0.
 - handle_deallocations: 1.


Internal statistics:

num_allocs_failed_limit: 3.
num_arena_births: 300.
num_arena_deaths: 0.
num_vsnodes_births: 5.
num_vsnodes_deaths: 0.
num_space_committed: 554.
num_space_uncommitted: 0.
num_chunks_returned_to_freelist: 3.
num_chunks_taken_from_freelist: 1287.
num_chunk_merges: 3.
num_chunk_splits: 894.
num_chunks_enlarged: 707.
num_purges: 0.
num_inconsistent_stats: 0.

CodeCache: size=49152Kb used=9148Kb max_used=9148Kb free=40003Kb
 bounds [0x0000016ec64c0000, 0x0000016ec6db0000, 0x0000016ec94c0000]
 total_blobs=4197 nmethods=3671 adapters=450
 compilation: enabled
              stopped_count=0, restarted_count=0
 full_count=0

Compilation events (20 events):
Event: 6.193 Thread 0x0000016ed6890330 3654       1       jdk.internal.jimage.ImageReader::releaseByteBuffer (5 bytes)
Event: 6.193 Thread 0x0000016ed7167060 3658       1       jdk.internal.jimage.BasicImageReader::releaseByteBuffer (16 bytes)
Event: 6.193 Thread 0x0000016ed6a83570 nmethod 3666 0x0000016ec6da9310 code [0x0000016ec6da9500, 0x0000016ec6da9a88]
Event: 6.193 Thread 0x0000016ed6890330 nmethod 3654 0x0000016ec6da9d90 code [0x0000016ec6da9f20, 0x0000016ec6daa068]
Event: 6.193 Thread 0x0000016ed7167060 nmethod 3658 0x0000016ec6daa110 code [0x0000016ec6daa2a0, 0x0000016ec6daa3e8]
Event: 6.193 Thread 0x0000016ed6a83570 3656       1       jdk.internal.jimage.decompressor.ZipDecompressor::decompress (10 bytes)
Event: 6.193 Thread 0x0000016ed6890330 3652       1       java.util.zip.Inflater::<init> (6 bytes)
Event: 6.193 Thread 0x0000016ed7167060 3639       1       nonapi.io.github.classgraph.fileslice.reader.ClassfileReader::<init> (29 bytes)
Event: 6.194 Thread 0x0000016ed7167060 nmethod 3639 0x0000016ec6daa490 code [0x0000016ec6daa620, 0x0000016ec6daa8b8]
Event: 6.194 Thread 0x0000016ed6a83570 nmethod 3656 0x0000016ec6daa990 code [0x0000016ec6daab20, 0x0000016ec6daac08]
Event: 6.194 Thread 0x0000016ed6890330 nmethod 3652 0x0000016ec6daac90 code [0x0000016ec6daae60, 0x0000016ec6dab218]
Event: 6.197 Thread 0x0000016ed735c840 nmethod 3659 0x0000016ec6dab390 code [0x0000016ec6dab700, 0x0000016ec6dac5c8]
Event: 6.203 Thread 0x0000016ed735c840 3668  s!   1       jdk.internal.loader.URLClassPath::getLoader (196 bytes)
Event: 6.204 Thread 0x0000016ed735c840 nmethod 3668 0x0000016ec6dace10 code [0x0000016ec6dad0c0, 0x0000016ec6dadb38]
Event: 6.396 Thread 0x0000016ed6890330 3669       1       java.util.concurrent.ConcurrentHashMap::resizeStamp (9 bytes)
Event: 6.396 Thread 0x0000016ed6890330 nmethod 3669 0x0000016ec6dae790 code [0x0000016ec6dae920, 0x0000016ec6dae9e8]
Event: 6.416 Thread 0x0000016ed6a83570 3670       1       java.util.concurrent.locks.ReentrantLock$NonfairSync::tryAcquire (27 bytes)
Event: 6.416 Thread 0x0000016ed6a83570 nmethod 3670 0x0000016ec6daea90 code [0x0000016ec6daec20, 0x0000016ec6daedb8]
Event: 6.462 Thread 0x0000016ed6a83570 3671       1       java.util.concurrent.locks.AbstractQueuedSynchronizer::acquireInterruptibly (36 bytes)
Event: 6.462 Thread 0x0000016ed6a83570 nmethod 3671 0x0000016ec6daee10 code [0x0000016ec6daefe0, 0x0000016ec6daf258]

GC Heap History (20 events):
Event: 3.454 GC heap after
{Heap after GC invocations=6 (full 0):
 garbage-first heap   total 49152K, used 12805K [0x0000000703a00000, 0x0000000800000000)
  region size 2048K, 1 young (2048K), 1 survivors (2048K)
 Metaspace       used 25291K, committed 25536K, reserved 1073152K
  class space    used 3107K, committed 3200K, reserved 1048576K
}
Event: 3.848 GC heap before
{Heap before GC invocations=6 (full 0):
 garbage-first heap   total 49152K, used 27141K [0x0000000703a00000, 0x0000000800000000)
  region size 2048K, 9 young (18432K), 1 survivors (2048K)
 Metaspace       used 27602K, committed 27840K, reserved 1073152K
  class space    used 3452K, committed 3584K, reserved 1048576K
}
Event: 3.853 GC heap after
{Heap after GC invocations=7 (full 0):
 garbage-first heap   total 49152K, used 14414K [0x0000000703a00000, 0x0000000800000000)
  region size 2048K, 2 young (4096K), 2 survivors (4096K)
 Metaspace       used 27602K, committed 27840K, reserved 1073152K
  class space    used 3452K, committed 3584K, reserved 1048576K
}
Event: 4.498 GC heap before
{Heap before GC invocations=7 (full 0):
 garbage-first heap   total 49152K, used 28750K [0x0000000703a00000, 0x0000000800000000)
  region size 2048K, 10 young (20480K), 2 survivors (4096K)
 Metaspace       used 31469K, committed 31744K, reserved 1081344K
  class space    used 3970K, committed 4096K, reserved 1048576K
}
Event: 4.509 GC heap after
{Heap after GC invocations=8 (full 0):
 garbage-first heap   total 155648K, used 16028K [0x0000000703a00000, 0x0000000800000000)
  region size 2048K, 2 young (4096K), 2 survivors (4096K)
 Metaspace       used 31469K, committed 31744K, reserved 1081344K
  class space    used 3970K, committed 4096K, reserved 1048576K
}
Event: 5.131 GC heap before
{Heap before GC invocations=8 (full 0):
 garbage-first heap   total 155648K, used 102044K [0x0000000703a00000, 0x0000000800000000)
  region size 2048K, 45 young (92160K), 2 survivors (4096K)
 Metaspace       used 33258K, committed 33536K, reserved 1081344K
  class space    used 4224K, committed 4352K, reserved 1048576K
}
Event: 5.165 GC heap after
{Heap after GC invocations=9 (full 0):
 garbage-first heap   total 155648K, used 30826K [0x0000000703a00000, 0x0000000800000000)
  region size 2048K, 6 young (12288K), 6 survivors (12288K)
 Metaspace       used 33258K, committed 33536K, reserved 1081344K
  class space    used 4224K, committed 4352K, reserved 1048576K
}
Event: 5.951 GC heap before
{Heap before GC invocations=9 (full 0):
 garbage-first heap   total 155648K, used 92266K [0x0000000703a00000, 0x0000000800000000)
  region size 2048K, 37 young (75776K), 6 survivors (12288K)
 Metaspace       used 34974K, committed 35264K, reserved 1081344K
  class space    used 4545K, committed 4672K, reserved 1048576K
}
Event: 5.974 GC heap after
{Heap after GC invocations=10 (full 0):
 garbage-first heap   total 155648K, used 44812K [0x0000000703a00000, 0x0000000800000000)
  region size 2048K, 5 young (10240K), 5 survivors (10240K)
 Metaspace       used 34974K, committed 35264K, reserved 1081344K
  class space    used 4545K, committed 4672K, reserved 1048576K
}
Event: 6.158 GC heap before
{Heap before GC invocations=10 (full 0):
 garbage-first heap   total 155648K, used 100108K [0x0000000703a00000, 0x0000000800000000)
  region size 2048K, 33 young (67584K), 5 survivors (10240K)
 Metaspace       used 35073K, committed 35328K, reserved 1081344K
  class space    used 4556K, committed 4672K, reserved 1048576K
}
Event: 6.192 GC heap after
{Heap after GC invocations=11 (full 0):
 garbage-first heap   total 155648K, used 59710K [0x0000000703a00000, 0x0000000800000000)
  region size 2048K, 5 young (10240K), 5 survivors (10240K)
 Metaspace       used 35073K, committed 35328K, reserved 1081344K
  class space    used 4556K, committed 4672K, reserved 1048576K
}
Event: 6.212 GC heap before
{Heap before GC invocations=11 (full 0):
 garbage-first heap   total 155648K, used 104766K [0x0000000703a00000, 0x0000000800000000)
  region size 2048K, 28 young (57344K), 5 survivors (10240K)
 Metaspace       used 35140K, committed 35392K, reserved 1081344K
  class space    used 4567K, committed 4672K, reserved 1048576K
}
Event: 6.224 GC heap after
{Heap after GC invocations=12 (full 0):
 garbage-first heap   total 264192K, used 64437K [0x0000000703a00000, 0x0000000800000000)
  region size 2048K, 2 young (4096K), 2 survivors (4096K)
 Metaspace       used 35140K, committed 35392K, reserved 1081344K
  class space    used 4567K, committed 4672K, reserved 1048576K
}
Event: 6.295 GC heap before
{Heap before GC invocations=12 (full 0):
 garbage-first heap   total 264192K, used 187317K [0x0000000703a00000, 0x0000000800000000)
  region size 2048K, 63 young (129024K), 2 survivors (4096K)
 Metaspace       used 35178K, committed 35456K, reserved 1081344K
  class space    used 4569K, committed 4672K, reserved 1048576K
}
Event: 6.300 GC heap after
{Heap after GC invocations=13 (full 0):
 garbage-first heap   total 264192K, used 67976K [0x0000000703a00000, 0x0000000800000000)
  region size 2048K, 4 young (8192K), 4 survivors (8192K)
 Metaspace       used 35178K, committed 35456K, reserved 1081344K
  class space    used 4569K, committed 4672K, reserved 1048576K
}
Event: 6.374 GC heap before
{Heap before GC invocations=13 (full 0):
 garbage-first heap   total 264192K, used 194952K [0x0000000703a00000, 0x0000000800000000)
  region size 2048K, 67 young (137216K), 4 survivors (8192K)
 Metaspace       used 35178K, committed 35456K, reserved 1081344K
  class space    used 4569K, committed 4672K, reserved 1048576K
}
Event: 6.382 GC heap after
{Heap after GC invocations=14 (full 0):
 garbage-first heap   total 264192K, used 73167K [0x0000000703a00000, 0x0000000800000000)
  region size 2048K, 6 young (12288K), 6 survivors (12288K)
 Metaspace       used 35178K, committed 35456K, reserved 1081344K
  class space    used 4569K, committed 4672K, reserved 1048576K
}
Event: 6.436 GC heap before
{Heap before GC invocations=14 (full 0):
 garbage-first heap   total 264192K, used 200143K [0x0000000703a00000, 0x0000000800000000)
  region size 2048K, 69 young (141312K), 6 survivors (12288K)
 Metaspace       used 35182K, committed 35456K, reserved 1081344K
  class space    used 4571K, committed 4672K, reserved 1048576K
}
Event: 6.445 GC heap after
{Heap after GC invocations=15 (full 0):
 garbage-first heap   total 264192K, used 78622K [0x0000000703a00000, 0x0000000800000000)
  region size 2048K, 6 young (12288K), 6 survivors (12288K)
 Metaspace       used 35182K, committed 35456K, reserved 1081344K
  class space    used 4571K, committed 4672K, reserved 1048576K
}
Event: 6.513 GC heap before
{Heap before GC invocations=15 (full 0):
 garbage-first heap   total 264192K, used 203550K [0x0000000703a00000, 0x0000000800000000)
  region size 2048K, 68 young (139264K), 6 survivors (12288K)
 Metaspace       used 35182K, committed 35456K, reserved 1081344K
  class space    used 4571K, committed 4672K, reserved 1048576K
}

Deoptimization events (14 events):
Event: 2.636 Thread 0x0000016ec3803d90 DEOPT PACKING pc=0x0000016ec6a010f9 sp=0x0000002098bfd350
Event: 2.636 Thread 0x0000016ec3803d90 DEOPT UNPACKING pc=0x0000016ec6512b43 sp=0x0000002098bfc830 mode 3
Event: 4.426 Thread 0x0000016ec3803d90 DEOPT PACKING pc=0x0000016ec6b750f9 sp=0x0000002098bfc8c0
Event: 4.426 Thread 0x0000016ec3803d90 DEOPT UNPACKING pc=0x0000016ec6512b43 sp=0x0000002098bfbda0 mode 3
Event: 4.547 Thread 0x0000016ed888bd90 DEOPT PACKING pc=0x0000016ec6bd6c13 sp=0x000000209a7fe440
Event: 4.547 Thread 0x0000016ed888bd90 DEOPT UNPACKING pc=0x0000016ec6512b43 sp=0x000000209a7fd988 mode 3
Event: 4.869 Thread 0x0000016ed89f2010 DEOPT PACKING pc=0x0000016ec6a02109 sp=0x000000209a9ff000
Event: 4.869 Thread 0x0000016ed89f2010 DEOPT UNPACKING pc=0x0000016ec6512b43 sp=0x000000209a9fe490 mode 3
Event: 5.559 Thread 0x0000016ed8a51fe0 DEOPT PACKING pc=0x0000016ec6d51ded sp=0x000000209bbfd780
Event: 5.559 Thread 0x0000016ed8a51fe0 DEOPT UNPACKING pc=0x0000016ec6512b43 sp=0x000000209bbfcca8 mode 3
Event: 5.926 Thread 0x0000016ed86bc070 DEOPT PACKING pc=0x0000016ec69fac9f sp=0x000000209b4ff2c0
Event: 5.926 Thread 0x0000016ed8a1c670 DEOPT PACKING pc=0x0000016ec69fac9f sp=0x000000209adfebb0
Event: 5.926 Thread 0x0000016ed86bc070 DEOPT UNPACKING pc=0x0000016ec6512b43 sp=0x000000209b4fe718 mode 3
Event: 5.926 Thread 0x0000016ed8a1c670 DEOPT UNPACKING pc=0x0000016ec6512b43 sp=0x000000209adfe008 mode 3

Classes unloaded (0 events):
No events

Classes redefined (0 events):
No events

Internal exceptions (20 events):
Event: 4.599 Thread 0x0000016ed89f98d0 Exception <a 'sun/nio/fs/WindowsException'{0x00000007116b62b8}> (0x00000007116b62b8) 
thrown [s\src\hotspot\share\prims\jni.cpp, line 516]
Event: 4.599 Thread 0x0000016ed89f98d0 Exception <a 'sun/nio/fs/WindowsException'{0x00000007116b6668}> (0x00000007116b6668) 
thrown [s\src\hotspot\share\prims\jni.cpp, line 516]
Event: 4.599 Thread 0x0000016ed89f98d0 Exception <a 'sun/nio/fs/WindowsException'{0x00000007116b7070}> (0x00000007116b7070) 
thrown [s\src\hotspot\share\prims\jni.cpp, line 516]
Event: 4.599 Thread 0x0000016ed89f98d0 Exception <a 'sun/nio/fs/WindowsException'{0x00000007116b7430}> (0x00000007116b7430) 
thrown [s\src\hotspot\share\prims\jni.cpp, line 516]
Event: 4.599 Thread 0x0000016ed89f98d0 Exception <a 'sun/nio/fs/WindowsException'{0x00000007116b7e30}> (0x00000007116b7e30) 
thrown [s\src\hotspot\share\prims\jni.cpp, line 516]
Event: 4.600 Thread 0x0000016ed89f98d0 Exception <a 'sun/nio/fs/WindowsException'{0x00000007116b81e8}> (0x00000007116b81e8) 
thrown [s\src\hotspot\share\prims\jni.cpp, line 516]
Event: 4.600 Thread 0x0000016ed89f98d0 Exception <a 'sun/nio/fs/WindowsException'{0x00000007116b8bf0}> (0x00000007116b8bf0) 
thrown [s\src\hotspot\share\prims\jni.cpp, line 516]
Event: 4.600 Thread 0x0000016ed89f98d0 Exception <a 'sun/nio/fs/WindowsException'{0x00000007116b8fb0}> (0x00000007116b8fb0) 
thrown [s\src\hotspot\share\prims\jni.cpp, line 516]
Event: 4.600 Thread 0x0000016ed89f98d0 Exception <a 'sun/nio/fs/WindowsException'{0x00000007116b99d8}> (0x00000007116b99d8) 
thrown [s\src\hotspot\share\prims\jni.cpp, line 516]
Event: 4.600 Thread 0x0000016ed89f98d0 Exception <a 'sun/nio/fs/WindowsException'{0x00000007116b9dc0}> (0x00000007116b9dc0) 
thrown [s\src\hotspot\share\prims\jni.cpp, line 516]
Event: 4.601 Thread 0x0000016ed89f98d0 Exception <a 'sun/nio/fs/WindowsException'{0x00000007116ba7f8}> (0x00000007116ba7f8) 
thrown [s\src\hotspot\share\prims\jni.cpp, line 516]
Event: 4.601 Thread 0x0000016ed89f98d0 Exception <a 'sun/nio/fs/WindowsException'{0x00000007116babf8}> (0x00000007116babf8) 
thrown [s\src\hotspot\share\prims\jni.cpp, line 516]
Event: 4.602 Thread 0x0000016ed89f98d0 Exception <a 'sun/nio/fs/WindowsException'{0x00000007116bb628}> (0x00000007116bb628) 
thrown [s\src\hotspot\share\prims\jni.cpp, line 516]
Event: 4.602 Thread 0x0000016ed89f98d0 Exception <a 'sun/nio/fs/WindowsException'{0x00000007116bba18}> (0x00000007116bba18) 
thrown [s\src\hotspot\share\prims\jni.cpp, line 516]
Event: 4.739 Thread 0x0000016ec3803d90 Exception <a 'java/lang/NoSuchMethodError'{0x000000070c154160}: 'java.lang.Object java.lang.invoke.DirectMethodHandle$Holder.newInvokeSpecial(java.lang.Object, java.lang.Object, int, java.lang.Object, java.lang.Object)'> (0x000000070c154160) 
thrown [s\src\hotspot\share\interpreter\linkResolver.cpp, line 759]
Event: 5.551 Thread 0x0000016ed8a51fe0 Exception <a 'java/lang/NoSuchMethodError'{0x000000070a3ac808}: 'java.lang.Object java.lang.invoke.DirectMethodHandle$Holder.invokeStatic(java.lang.Object, int, java.lang.Object)'> (0x000000070a3ac808) 
thrown [s\src\hotspot\share\interpreter\linkResolver.cpp, line 759]
Event: 5.554 Thread 0x0000016ed8a52980 Exception <a 'java/lang/NoSuchMethodError'{0x000000070a3bdb28}: 'java.lang.Object java.lang.invoke.DirectMethodHandle$Holder.invokeStatic(java.lang.Object, java.lang.Object, java.lang.Object, int, java.lang.Object, java.lang.Object)'> (0x000000070a3bdb28) 
thrown [s\src\hotspot\share\interpreter\linkResolver.cpp, line 759]
Event: 5.771 Thread 0x0000016ed8a51fe0 Exception <a 'java/lang/NoSuchMethodError'{0x0000000709bd34b0}: 'int java.lang.invoke.DirectMethodHandle$Holder.invokeStatic(java.lang.Object)'> (0x0000000709bd34b0) 
thrown [s\src\hotspot\share\interpreter\linkResolver.cpp, line 759]
Event: 5.772 Thread 0x0000016ed8a51fe0 Exception <a 'java/lang/NoSuchMethodError'{0x0000000709bd6c40}: 'int java.lang.invoke.DirectMethodHandle$Holder.invokeStaticInit(java.lang.Object)'> (0x0000000709bd6c40) 
thrown [s\src\hotspot\share\interpreter\linkResolver.cpp, line 759]
Event: 5.802 Thread 0x0000016ed8a52980 Exception <a 'java/lang/NoSuchMethodError'{0x00000007098de438}: 'int java.lang.invoke.DirectMethodHandle$Holder.invokeVirtual(java.lang.Object, java.lang.Object)'> (0x00000007098de438) 
thrown [s\src\hotspot\share\interpreter\linkResolver.cpp, line 759]

VM Operations (20 events):
Event: 6.201 Executing VM operation: HandshakeAllThreads done
Event: 6.212 Executing VM operation: G1CollectForAllocation
Event: 6.212 Executing VM operation: G1CollectForAllocation done
Event: 6.212 Executing VM operation: G1CollectForAllocation
Event: 6.224 Executing VM operation: G1CollectForAllocation done
Event: 6.288 Executing VM operation: G1CollectForAllocation
Event: 6.295 Executing VM operation: G1CollectForAllocation done
Event: 6.295 Executing VM operation: G1CollectForAllocation
Event: 6.300 Executing VM operation: G1CollectForAllocation done
Event: 6.360 Executing VM operation: G1CollectForAllocation
Event: 6.373 Executing VM operation: G1CollectForAllocation done
Event: 6.374 Executing VM operation: G1CollectForAllocation
Event: 6.382 Executing VM operation: G1CollectForAllocation done
Event: 6.434 Executing VM operation: G1CollectForAllocation
Event: 6.436 Executing VM operation: G1CollectForAllocation done
Event: 6.436 Executing VM operation: G1CollectForAllocation
Event: 6.445 Executing VM operation: G1CollectForAllocation done
Event: 6.501 Executing VM operation: G1CollectForAllocation
Event: 6.513 Executing VM operation: G1CollectForAllocation done
Event: 6.513 Executing VM operation: G1CollectForAllocation

Events (20 events):
Event: 5.654 Thread 0x0000016ed8a59360 Thread added: 0x0000016ed8a59360
Event: 5.659 loading class java/util/concurrent/CompletableFuture$Signaller
Event: 5.659 loading class java/util/concurrent/CompletableFuture$Signaller done
Event: 5.660 Thread 0x0000016ed8a537f0 Thread added: 0x0000016ed8a537f0
Event: 5.660 loading class java/util/concurrent/CompletableFuture$UniRelay
Event: 5.660 loading class java/util/concurrent/CompletableFuture$UniRelay done
Event: 5.739 Thread 0x0000016ed8a56ce0 Thread added: 0x0000016ed8a56ce0
Event: 5.785 Thread 0x0000016ed8a589c0 Thread added: 0x0000016ed8a589c0
Event: 5.792 loading class java/util/concurrent/CompletionException
Event: 5.792 loading class java/util/concurrent/CompletionException done
Event: 5.806 loading class java/io/PrintWriter
Event: 5.807 loading class java/io/PrintWriter done
Event: 5.810 loading class sun/nio/cs/StringUTF16
Event: 5.810 loading class sun/nio/cs/StringUTF16 done
Event: 5.812 loading class java/util/WeakHashMap$EntrySet
Event: 5.812 loading class java/util/WeakHashMap$EntrySet done
Event: 5.813 loading class java/util/WeakHashMap$EntryIterator
Event: 5.813 loading class java/util/WeakHashMap$HashIterator
Event: 5.813 loading class java/util/WeakHashMap$HashIterator done
Event: 5.813 loading class java/util/WeakHashMap$EntryIterator done


Dynamic libraries:
0x00007ff7440b0000 - 0x00007ff7440be000 	c:\Users\9001433\.vscode\extensions\redhat.java-1.12.0-win32-x64\jre\17.0.4.1-win32-x86_64\bin\java.exe
0x00007ffd33770000 - 0x00007ffd33968000 	C:\WINDOWS\SYSTEM32\ntdll.dll
0x00007ffd332c0000 - 0x00007ffd3337d000 	C:\WINDOWS\System32\KERNEL32.DLL
0x00007ffd31350000 - 0x00007ffd31622000 	C:\WINDOWS\System32\KERNELBASE.dll
0x00007ffd30eb0000 - 0x00007ffd30fb0000 	C:\WINDOWS\System32\ucrtbase.dll
0x00007ffd24940000 - 0x00007ffd24958000 	c:\Users\9001433\.vscode\extensions\redhat.java-1.12.0-win32-x64\jre\17.0.4.1-win32-x86_64\bin\jli.dll
0x00007ffd24a50000 - 0x00007ffd24a69000 	c:\Users\9001433\.vscode\extensions\redhat.java-1.12.0-win32-x64\jre\17.0.4.1-win32-x86_64\bin\VCRUNTIME140.dll
0x00007ffd33380000 - 0x00007ffd3351d000 	C:\WINDOWS\System32\USER32.dll
0x00007ffd30e80000 - 0x00007ffd30ea2000 	C:\WINDOWS\System32\win32u.dll
0x00007ffd1a020000 - 0x00007ffd1a2ba000 	C:\WINDOWS\WinSxS\amd64_microsoft.windows.common-controls_6595b64144ccf1df_6.0.19041.1110_none_60b5254171f9507e\COMCTL32.dll
0x00007ffd32fd0000 - 0x00007ffd3306e000 	C:\WINDOWS\System32\msvcrt.dll
0x00007ffd31890000 - 0x00007ffd318bb000 	C:\WINDOWS\System32\GDI32.dll
0x00007ffd31140000 - 0x00007ffd3124f000 	C:\WINDOWS\System32\gdi32full.dll
0x00007ffd31730000 - 0x00007ffd317cd000 	C:\WINDOWS\System32\msvcp_win.dll
0x00007ffd32fa0000 - 0x00007ffd32fd0000 	C:\WINDOWS\System32\IMM32.DLL
0x0000016ec1fb0000 - 0x0000016ec1fc4000 	C:\WINDOWS\System32\umppc16010.dll
0x00007ffd24aa0000 - 0x00007ffd24aac000 	c:\Users\9001433\.vscode\extensions\redhat.java-1.12.0-win32-x64\jre\17.0.4.1-win32-x86_64\bin\vcruntime140_1.dll
0x00007ffcd00a0000 - 0x00007ffcd0131000 	c:\Users\9001433\.vscode\extensions\redhat.java-1.12.0-win32-x64\jre\17.0.4.1-win32-x86_64\bin\msvcp140.dll
0x00007ffcbda20000 - 0x00007ffcbe666000 	c:\Users\9001433\.vscode\extensions\redhat.java-1.12.0-win32-x64\jre\17.0.4.1-win32-x86_64\bin\server\jvm.dll
0x00007ffd328e0000 - 0x00007ffd3298e000 	C:\WINDOWS\System32\ADVAPI32.dll
0x00007ffd33200000 - 0x00007ffd3329c000 	C:\WINDOWS\System32\sechost.dll
0x00007ffd330d0000 - 0x00007ffd331f5000 	C:\WINDOWS\System32\RPCRT4.dll
0x00007ffd32f90000 - 0x00007ffd32f98000 	C:\WINDOWS\System32\PSAPI.DLL
0x00007ffd0f6a0000 - 0x00007ffd0f6a9000 	C:\WINDOWS\SYSTEM32\WSOCK32.dll
0x00007ffd32870000 - 0x00007ffd328db000 	C:\WINDOWS\System32\WS2_32.dll
0x00007ffd29f70000 - 0x00007ffd29f97000 	C:\WINDOWS\SYSTEM32\WINMM.dll
0x00007ffd24310000 - 0x00007ffd2431a000 	C:\WINDOWS\SYSTEM32\VERSION.dll
0x00007ffd2f650000 - 0x00007ffd2f662000 	C:\WINDOWS\SYSTEM32\kernel.appcore.dll
0x00007ffd248e0000 - 0x00007ffd248ea000 	c:\Users\9001433\.vscode\extensions\redhat.java-1.12.0-win32-x64\jre\17.0.4.1-win32-x86_64\bin\jimage.dll
0x00007ffd2eb40000 - 0x00007ffd2ed24000 	C:\WINDOWS\SYSTEM32\DBGHELP.DLL
0x00007ffd10530000 - 0x00007ffd1055c000 	C:\WINDOWS\SYSTEM32\dbgcore.DLL
0x00007ffd312c0000 - 0x00007ffd31342000 	C:\WINDOWS\System32\bcryptPrimitives.dll
0x00007ffd18490000 - 0x00007ffd184b5000 	c:\Users\9001433\.vscode\extensions\redhat.java-1.12.0-win32-x64\jre\17.0.4.1-win32-x86_64\bin\java.dll
0x00007ffd24860000 - 0x00007ffd24878000 	c:\Users\9001433\.vscode\extensions\redhat.java-1.12.0-win32-x64\jre\17.0.4.1-win32-x86_64\bin\zip.dll
0x00007ffd31ae0000 - 0x00007ffd32223000 	C:\WINDOWS\System32\SHELL32.dll
0x00007ffd2eea0000 - 0x00007ffd2f631000 	C:\WINDOWS\SYSTEM32\windows.storage.dll
0x00007ffd329a0000 - 0x00007ffd32cf4000 	C:\WINDOWS\System32\combase.dll
0x00007ffd30800000 - 0x00007ffd30830000 	C:\WINDOWS\SYSTEM32\Wldp.dll
0x00007ffd31a30000 - 0x00007ffd31add000 	C:\WINDOWS\System32\SHCORE.dll
0x00007ffd32f30000 - 0x00007ffd32f85000 	C:\WINDOWS\System32\shlwapi.dll
0x00007ffd30dc0000 - 0x00007ffd30ddf000 	C:\WINDOWS\SYSTEM32\profapi.dll
0x00007ffd247d0000 - 0x00007ffd247e9000 	C:\Users\9001433\.vscode\extensions\redhat.java-1.12.0-win32-x64\jre\17.0.4.1-win32-x86_64\bin\net.dll
0x00007ffd29b80000 - 0x00007ffd29c8d000 	C:\WINDOWS\SYSTEM32\WINHTTP.dll
0x00007ffd305e0000 - 0x00007ffd3064a000 	C:\WINDOWS\system32\mswsock.dll
0x00007ffd1d9d0000 - 0x00007ffd1d9e5000 	C:\Users\9001433\.vscode\extensions\redhat.java-1.12.0-win32-x64\jre\17.0.4.1-win32-x86_64\bin\nio.dll
0x00007ffd247b0000 - 0x00007ffd247c0000 	c:\Users\9001433\.vscode\extensions\redhat.java-1.12.0-win32-x64\jre\17.0.4.1-win32-x86_64\bin\verify.dll
0x00007ffd1da30000 - 0x00007ffd1da39000 	C:\Users\9001433\.vscode\extensions\redhat.java-1.12.0-win32-x64\jre\17.0.4.1-win32-x86_64\bin\management.dll
0x00007ffd1da20000 - 0x00007ffd1da2b000 	C:\Users\9001433\.vscode\extensions\redhat.java-1.12.0-win32-x64\jre\17.0.4.1-win32-x86_64\bin\management_ext.dll
0x00007ffd010c0000 - 0x00007ffd010d7000 	C:\WINDOWS\system32\napinsp.dll
0x00007ffd010a0000 - 0x00007ffd010bb000 	C:\WINDOWS\system32\pnrpnsp.dll
0x00007ffd27010000 - 0x00007ffd27025000 	C:\WINDOWS\system32\wshbth.dll
0x00007ffd294b0000 - 0x00007ffd294cd000 	C:\WINDOWS\system32\NLAapi.dll
0x00007ffd302a0000 - 0x00007ffd302db000 	C:\WINDOWS\SYSTEM32\IPHLPAPI.DLL
0x00007ffd302f0000 - 0x00007ffd303ba000 	C:\WINDOWS\SYSTEM32\DNSAPI.dll
0x00007ffd31a20000 - 0x00007ffd31a28000 	C:\WINDOWS\System32\NSI.dll
0x00007ffd01080000 - 0x00007ffd01092000 	C:\WINDOWS\System32\winrnr.dll
0x00007ffd243d0000 - 0x00007ffd243da000 	C:\Windows\System32\rasadhlp.dll
0x00007ffd26c60000 - 0x00007ffd26ce0000 	C:\WINDOWS\System32\fwpuclnt.dll
0x00007ffd31110000 - 0x00007ffd31137000 	C:\WINDOWS\System32\bcrypt.dll
0x00007ffd30840000 - 0x00007ffd30858000 	C:\WINDOWS\SYSTEM32\CRYPTSP.dll
0x00007ffd2feb0000 - 0x00007ffd2fee4000 	C:\WINDOWS\system32\rsaenh.dll
0x00007ffd30d40000 - 0x00007ffd30d6e000 	C:\WINDOWS\SYSTEM32\USERENV.dll
0x00007ffd30770000 - 0x00007ffd3077c000 	C:\WINDOWS\SYSTEM32\CRYPTBASE.dll
0x00007ffd26af0000 - 0x00007ffd26b07000 	C:\WINDOWS\SYSTEM32\dhcpcsvc6.DLL
0x00007ffd269e0000 - 0x00007ffd269fd000 	C:\WINDOWS\SYSTEM32\dhcpcsvc.DLL

dbghelp: loaded successfully - version: 4.0.5 - missing functions: none
symbol engine: initialized successfully - sym options: 0x614 - pdb path: .;c:\Users\9001433\.vscode\extensions\redhat.java-1.12.0-win32-x64\jre\17.0.4.1-win32-x86_64\bin;C:\WINDOWS\SYSTEM32;C:\WINDOWS\WinSxS\amd64_microsoft.windows.common-controls_6595b64144ccf1df_6.0.19041.1110_none_60b5254171f9507e;c:\Users\9001433\.vscode\extensions\redhat.java-1.12.0-win32-x64\jre\17.0.4.1-win32-x86_64\bin\server

VM Arguments:
jvm_args: -Dsts.lsp.client=vscode -Dsts.log.file=/dev/null -XX:TieredStopAtLevel=1 -Dspring.config.location=file:c:\Users\9001433\.vscode\extensions\pivotal.vscode-spring-boot-1.38.0\language-server\BOOT-INF\classes\application.properties 
java_command: org.springframework.ide.vscode.boot.app.BootLanguageServerBootApp
java_class_path (initial): c:\Users\9001433\.vscode\extensions\pivotal.vscode-spring-boot-1.38.0\language-server\BOOT-INF\classes;c:\Users\9001433\.vscode\extensions\pivotal.vscode-spring-boot-1.38.0\language-server\BOOT-INF\lib\annotations-23.0.0.jar;c:\Users\9001433\.vscode\extensions\pivotal.vscode-spring-boot-1.38.0\language-server\BOOT-INF\lib\antlr-runtime-3.5.2.jar;c:\Users\9001433\.vscode\extensions\pivotal.vscode-spring-boot-1.38.0\language-server\BOOT-INF\lib\antlr4-4.9.3.jar;c:\Users\9001433\.vscode\extensions\pivotal.vscode-spring-boot-1.38.0\language-server\BOOT-INF\lib\antlr4-runtime-4.9.3.jar;c:\Users\9001433\.vscode\extensions\pivotal.vscode-spring-boot-1.38.0\language-server\BOOT-INF\lib\asm-9.3.jar;c:\Users\9001433\.vscode\extensions\pivotal.vscode-spring-boot-1.38.0\language-server\BOOT-INF\lib\asm-analysis-9.3.jar;c:\Users\9001433\.vscode\extensions\pivotal.vscode-spring-boot-1.38.0\language-server\BOOT-INF\lib\asm-tree-9.3.jar;c:\Users\9001433\.vscode\extensions\pivotal.vscode-spring-boot-1.38.0\language-server\BOOT-INF\lib\asm-util-9.3.jar;c:\Users\9001433\.vscode\extensions\pivotal.vscode-spring-boot-1.38.0\language-server\BOOT-INF\lib\byte-buddy-1.10.18.jar;c:\Users\9001433\.vscode\extensions\pivotal.vscode-spring-boot-1.38.0\language-server\BOOT-INF\lib\caffeine-2.8.6.jar;c:\Users\9001433\.vscode\extensions\pivotal.vscode-spring-boot-1.38.0\language-server\BOOT-INF\lib\checker-qual-3.12.0.jar;c:\Users\9001433\.vscode\extensions\pivotal.vscode-spring-boot-1.38.0\language-server\BOOT-INF\lib\classgraph-4.8.149.jar;c:\Users\9001433\.vscode\extensions\pivotal.vscode-spring-boot-1.38.0\language-server\BOOT-INF\lib\commons-codec-1.14.jar;c:\Users\9001433\.vscode\extensions\pivotal.vscode-spring-boot-1.38.0\language-server\BOOT-INF\lib\commons-compress-1.21.jar;c:\Users\9001433\.vscode\extensions\pivotal.vscode-spring-boot-1.38.0\language-server\BOOT-INF\lib\commons-exec-1.3.jar;c:\Users\9001433\.vscode\extensions\pivotal.vscode-spring-boot-1.38.
Launcher Type: SUN_STANDARD

[Global flags]
     intx CICompilerCount                          = 4                                         {product} {ergonomic}
     uint ConcGCThreads                            = 2                                         {product} {ergonomic}
     uint G1ConcRefinementThreads                  = 8                                         {product} {ergonomic}
   size_t G1HeapRegionSize                         = 2097152                                   {product} {ergonomic}
    uintx GCDrainStackTargetSize                   = 64                                        {product} {ergonomic}
   size_t InitialHeapSize                          = 266338304                                 {product} {ergonomic}
   size_t MarkStackSize                            = 4194304                                   {product} {ergonomic}
   size_t MaxHeapSize                              = 4234149888                                {product} {ergonomic}
   size_t MaxNewSize                               = 2539651072                                {product} {ergonomic}
   size_t MinHeapDeltaBytes                        = 2097152                                   {product} {ergonomic}
   size_t MinHeapSize                              = 8388608                                   {product} {ergonomic}
    uintx NonProfiledCodeHeapSize                  = 0                                      {pd product} {ergonomic}
     bool ProfileInterpreter                       = false                                  {pd product} {command line}
    uintx ProfiledCodeHeapSize                     = 0                                      {pd product} {ergonomic}
   size_t SoftMaxHeapSize                          = 4234149888                             {manageable} {ergonomic}
     intx TieredStopAtLevel                        = 1                                         {product} {command line}
     bool UseCompressedClassPointers               = true                           {product lp64_product} {ergonomic}
     bool UseCompressedOops                        = true                           {product lp64_product} {ergonomic}
     bool UseG1GC                                  = true                                      {product} {ergonomic}
     bool UseLargePagesIndividualAllocation        = false                                  {pd product} {ergonomic}

Logging:
Log output configuration:
 #0: stdout all=warning uptime,level,tags
 #1: stderr all=off uptime,level,tags

Environment Variables:
JAVA_HOME=C:\Users\9001433\scoop\apps\openjdk11\current
PATH=C:\Users\9001433\bin;C:\Users\9001433\scoop\apps\git\2.34.1.windows.1\mingw64\bin;C:\Users\9001433\scoop\apps\git\2.34.1.windows.1\usr\local\bin;C:\Users\9001433\scoop\apps\git\2.34.1.windows.1\usr\bin;C:\Users\9001433\scoop\apps\git\2.34.1.windows.1\usr\bin;C:\Users\9001433\scoop\apps\git\2.34.1.windows.1\mingw64\bin;C:\Users\9001433\scoop\apps\git\2.34.1.windows.1\usr\bin;C:\Users\9001433\bin;C:\Program Files\Common Files\Oracle\Java\javapath;C:\WINDOWS\system32;C:\WINDOWS;C:\WINDOWS\System32\Wbem;C:\WINDOWS\System32\WindowsPowerShell\v1.0;C:\WINDOWS\System32\OpenSSH;C:\Program Files (x86)\NVIDIA Corporation\PhysX\Common;C:\Program Files\Microsoft VS Code\bin;C:\Program Files\Java\jdk-17.0.1\bin;C:\Program Files\Docker\Docker\resources\bin;C:\ProgramData\DockerDesktop\version-bin;C:\Users\9001433\Anaconda3;C:\Users\9001433\Anaconda3\Library\mingw-w64\bin;C:\Users\9001433\Anaconda3\Library\usr\bin;C:\Users\9001433\Anaconda3\Library\bin;C:\Users\9001433\Anaconda3\Scripts;C:\Users\9001433\scoop\apps\python\current\Scripts;C:\Users\9001433\scoop\apps\python\current;C:\Users\9001433\scoop\apps\openjdk11\current\bin;C:\Users\9001433\scoop\apps\maven\current\bin;C:\Users\9001433\scoop\shims;C:\Users\9001433\AppData\Local\Microsoft\WindowsApps;C:\Users\9001433\scoop\apps\git\2.34.1.windows.1\usr\bin\vendor_perl;C:\Users\9001433\scoop\apps\git\2.34.1.windows.1\usr\bin\core_perl
USERNAME=9001433
SHELL=C:\Users\9001433\scoop\apps\git\2.34.1.windows.1\usr\bin\bash.exe
DISPLAY=needs-to-be-defined
LC_CTYPE=pt_BR.UTF-8
TERM=xterm
TMPDIR=C:\Users\9001433\AppData\Local\Temp
OS=Windows_NT
PROCESSOR_IDENTIFIER=Intel64 Family 6 Model 142 Stepping 12, GenuineIntel
TMP=C:\Users\9001433\AppData\Local\Temp
TEMP=C:\Users\9001433\AppData\Local\Temp



---------------  S Y S T E M  ---------------

OS:
 Windows 10 , 64 bit Build 19041 (10.0.19041.1889)
OS uptime: 6 days 0:33 hours
Hyper-V role detected

CPU: total 8 (initial active 8) (4 cores per cpu, 2 threads per core) family 6 model 142 stepping 12 microcode 0xea, cx8, cmov, fxsr, ht, mmx, 3dnowpref, sse, sse2, sse3, ssse3, sse4.1, sse4.2, popcnt, lzcnt, tsc, tscinvbit, avx, avx2, aes, erms, clmul, bmi1, bmi2, adx, fma, vzeroupper, clflush, clflushopt, hv

Memory: 4k page, system-wide physical 16144M (4565M free)
TotalPageFile size 46285M (AvailPageFile size 141M)
current process WorkingSet (physical memory assigned to process): 363M, peak: 363M
current process commit charge ("private bytes"): 400M, peak: 724M

vm_info: OpenJDK 64-Bit Server VM (17.0.4.1+1) for windows-amd64 JRE (17.0.4.1+1), built on Aug 17 2022 07:42:43 by "temurin" with MS VC++ 16.7 (VS2019)

END.
