#
# There is insufficient memory for the Java Runtime Environment to continue.
# Native memory allocation (mmap) failed to map 387973120 bytes for G1 virtual space
# Possible reasons:
#   The system is out of physical RAM or swap space
#   The process is running with CompressedOops enabled, and the Java Heap may be blocking the growth of the native heap
# Possible solutions:
#   Reduce memory load on the system
#   Increase physical memory or swap space
#   Check if swap backing store is full
#   Decrease Java heap size (-Xmx/-Xms)
#   Decrease number of Java threads
#   Decrease Java thread stack sizes (-Xss)
#   Set larger code cache with -XX:ReservedCodeCacheSize=
#   JVM is running with Zero Based Compressed Oops mode in which the Java heap is
#     placed in the first 32GB address space. The Java Heap base address is the
#     maximum limit for the native heap growth. Please use -XX:HeapBaseMinAddress
#     to set the Java Heap base and to place the Java Heap above 32GB virtual address.
# This output file may be truncated or incomplete.
#
#  Out of Memory Error (os_windows.cpp:3541), pid=77100, tid=81788
#
# JRE version: OpenJDK Runtime Environment Temurin-17.0.4.1+1 (17.0.4.1+1) (build 17.0.4.1+1)
# Java VM: OpenJDK 64-Bit Server VM Temurin-17.0.4.1+1 (17.0.4.1+1, mixed mode, emulated-client, tiered, compressed oops, compressed class ptrs, g1 gc, windows-amd64)
# No core dump will be written. Minidumps are not enabled by default on client versions of Windows
#

---------------  S U M M A R Y ------------

Command Line: -Dsts.lsp.client=vscode -Dsts.log.file=/dev/null -XX:TieredStopAtLevel=1 -Dspring.config.location=file:c:\Users\9001433\.vscode\extensions\pivotal.vscode-spring-boot-1.38.0\language-server\BOOT-INF\classes\application.properties org.springframework.ide.vscode.boot.app.BootLanguageServerBootApp

Host: Intel(R) Core(TM) i7-8565U CPU @ 1.80GHz, 8 cores, 15G,  Windows 10 , 64 bit Build 19041 (10.0.19041.1889)
Time: Mon Nov  7 11:25:42 2022 Hora oficial do Brasil elapsed time: 6.056331 seconds (0d 0h 0m 6s)

---------------  T H R E A D  ---------------

Current thread (0x00000287ddc1d920):  VMThread "VM Thread" [stack: 0x000000c909e00000,0x000000c909f00000] [id=81788]

Stack: [0x000000c909e00000,0x000000c909f00000]
Native frames: (J=compiled Java code, j=interpreted, Vv=VM code, C=native code)
V  [jvm.dll+0x67731a]
V  [jvm.dll+0x832284]
V  [jvm.dll+0x833a2e]
V  [jvm.dll+0x834093]
V  [jvm.dll+0x245775]
V  [jvm.dll+0x674209]
V  [jvm.dll+0x668a92]
V  [jvm.dll+0x30471b]
V  [jvm.dll+0x30bc66]
V  [jvm.dll+0x35ba9e]
V  [jvm.dll+0x35bccf]
V  [jvm.dll+0x2db5b8]
V  [jvm.dll+0x2d986c]
V  [jvm.dll+0x2d8e3c]
V  [jvm.dll+0x31cd9b]
V  [jvm.dll+0x83853b]
V  [jvm.dll+0x839274]
V  [jvm.dll+0x83978c]
V  [jvm.dll+0x839b64]
V  [jvm.dll+0x839c30]
V  [jvm.dll+0x7e240a]
V  [jvm.dll+0x6761a5]
C  [ucrtbase.dll+0x21bb2]
C  [KERNEL32.DLL+0x17034]
C  [ntdll.dll+0x526a1]

VM_Operation (0x000000c90b6fddb0): G1CollectForAllocation, mode: safepoint, requested by thread 0x00000287df9bb180


---------------  P R O C E S S  ---------------

Threads class SMR info:
_java_thread_list=0x00000287df9d2570, length=40, elements={
0x00000287ddc36820, 0x00000287ddc385b0, 0x00000287ddc6aeb0, 0x00000287ddc6da40,
0x00000287ddc6f310, 0x00000287ddc6fbd0, 0x00000287ddc75da0, 0x00000287ddc7e6b0,
0x00000287dde72420, 0x00000287dde7aa10, 0x00000287dde82f50, 0x00000287dde835d0,
0x00000287de7265f0, 0x00000287df8828e0, 0x00000287df9bb180, 0x00000287dfa327b0,
0x00000287dfa32c80, 0x00000287dfa3d0b0, 0x00000287dfa33150, 0x00000287dfa3c8f0,
0x00000287dfa3b7a0, 0x00000287dfa57ea0, 0x00000287dfa58370, 0x00000287dfa5b600,
0x00000287dfa5bad0, 0x00000287dfa5a790, 0x00000287dfa5a2c0, 0x00000287dfa5c940,
0x00000287dfa5d7b0, 0x00000287dfa5bfa0, 0x00000287dfa5ce10, 0x00000287dfa5ac60,
0x00000287dfa5d2e0, 0x00000287dfa59df0, 0x00000287dfa5c470, 0x00000287dfa5b130,
0x00000287dffab470, 0x00000287dffab940, 0x00000287dffaa130, 0x00000287dffa8920
}

Java Threads: ( => current thread )
  0x00000287ddc36820 JavaThread "Reference Handler" daemon [_thread_blocked, id=78124, stack(0x000000c909f00000,0x000000c90a000000)]
  0x00000287ddc385b0 JavaThread "Finalizer" daemon [_thread_blocked, id=73400, stack(0x000000c90a000000,0x000000c90a100000)]
  0x00000287ddc6aeb0 JavaThread "Signal Dispatcher" daemon [_thread_blocked, id=80984, stack(0x000000c90a100000,0x000000c90a200000)]
  0x00000287ddc6da40 JavaThread "Attach Listener" daemon [_thread_blocked, id=81636, stack(0x000000c90a200000,0x000000c90a300000)]
  0x00000287ddc6f310 JavaThread "Service Thread" daemon [_thread_blocked, id=75036, stack(0x000000c90a300000,0x000000c90a400000)]
  0x00000287ddc6fbd0 JavaThread "Monitor Deflation Thread" daemon [_thread_blocked, id=71128, stack(0x000000c90a400000,0x000000c90a500000)]
  0x00000287ddc75da0 JavaThread "C1 CompilerThread0" daemon [_thread_blocked, id=81760, stack(0x000000c90a500000,0x000000c90a600000)]
  0x00000287ddc7e6b0 JavaThread "Sweeper thread" daemon [_thread_blocked, id=71308, stack(0x000000c90a600000,0x000000c90a700000)]
  0x00000287dde72420 JavaThread "C1 CompilerThread1" daemon [_thread_blocked, id=40700, stack(0x000000c90a700000,0x000000c90a800000)]
  0x00000287dde7aa10 JavaThread "C1 CompilerThread2" daemon [_thread_blocked, id=77740, stack(0x000000c90a800000,0x000000c90a900000)]
  0x00000287dde82f50 JavaThread "Notification Thread" daemon [_thread_blocked, id=48800, stack(0x000000c90a900000,0x000000c90aa00000)]
  0x00000287dde835d0 JavaThread "Common-Cleaner" daemon [_thread_blocked, id=79264, stack(0x000000c90ab00000,0x000000c90ac00000)]
  0x00000287de7265f0 JavaThread "C1 CompilerThread3" daemon [_thread_blocked, id=20148, stack(0x000000c90ac00000,0x000000c90ad00000)]
  0x00000287df8828e0 JavaThread "ForkJoinPool.commonPool-worker-1" daemon [_thread_blocked, id=25584, stack(0x000000c90b400000,0x000000c90b500000)]
  0x00000287df9bb180 JavaThread "ClassGraph-worker-0" daemon [_thread_blocked, id=78256, stack(0x000000c90b600000,0x000000c90b700000)]
  0x00000287dfa327b0 JavaThread "ClassGraph-worker-1" daemon [_thread_blocked, id=80200, stack(0x000000c90b700000,0x000000c90b800000)]
  0x00000287dfa32c80 JavaThread "ClassGraph-worker-2" daemon [_thread_blocked, id=77924, stack(0x000000c90b800000,0x000000c90b900000)]
  0x00000287dfa3d0b0 JavaThread "ClassGraph-worker-3" daemon [_thread_blocked, id=45652, stack(0x000000c90b900000,0x000000c90ba00000)]
  0x00000287dfa33150 JavaThread "ClassGraph-worker-4" daemon [_thread_blocked, id=81484, stack(0x000000c90ba00000,0x000000c90bb00000)]
  0x00000287dfa3c8f0 JavaThread "ClassGraph-worker-5" daemon [_thread_blocked, id=76696, stack(0x000000c90bb00000,0x000000c90bc00000)]
  0x00000287dfa3b7a0 JavaThread "ClassGraph-worker-6" daemon [_thread_blocked, id=77580, stack(0x000000c90bc00000,0x000000c90bd00000)]
  0x00000287dfa57ea0 JavaThread "ClassGraph-worker-7" daemon [_thread_blocked, id=78392, stack(0x000000c90bd00000,0x000000c90be00000)]
  0x00000287dfa58370 JavaThread "ClassGraph-worker-8" daemon [_thread_blocked, id=18584, stack(0x000000c90be00000,0x000000c90bf00000)]
  0x00000287dfa5b600 JavaThread "ClassGraph-worker-9" daemon [_thread_blocked, id=5468, stack(0x000000c90bf00000,0x000000c90c000000)]
  0x00000287dfa5bad0 JavaThread "ClassGraph-worker-10" daemon [_thread_blocked, id=81132, stack(0x000000c90c000000,0x000000c90c100000)]
  0x00000287dfa5a790 JavaThread "ClassGraph-worker-11" daemon [_thread_blocked, id=78404, stack(0x000000c90c100000,0x000000c90c200000)]
  0x00000287dfa5a2c0 JavaThread "ClassGraph-worker-12" daemon [_thread_blocked, id=81900, stack(0x000000c90c200000,0x000000c90c300000)]
  0x00000287dfa5c940 JavaThread "ClassGraph-worker-13" daemon [_thread_blocked, id=63876, stack(0x000000c90c300000,0x000000c90c400000)]
  0x00000287dfa5d7b0 JavaThread "pool-7-thread-1" [_thread_blocked, id=81648, stack(0x000000c90c400000,0x000000c90c500000)]
  0x00000287dfa5bfa0 JavaThread "LanguageServerApp-lifecycle" [_thread_blocked, id=2464, stack(0x000000c90c500000,0x000000c90c600000)]
  0x00000287dfa5ce10 JavaThread "DestroyJavaVM" [_thread_blocked, id=18488, stack(0x000000c909800000,0x000000c909900000)]
  0x00000287dfa5ac60 JavaThread "pool-8-thread-1" [_thread_in_native, id=48744, stack(0x000000c90c600000,0x000000c90c700000)]
  0x00000287dfa5d2e0 JavaThread "Simple-Language-Server main thread" daemon [_thread_blocked, id=74696, stack(0x000000c90c800000,0x000000c90c900000)]
  0x00000287dfa59df0 JavaThread "pool-5-thread-1" [_thread_blocked, id=76792, stack(0x000000c90c900000,0x000000c90ca00000)]
  0x00000287dfa5c470 JavaThread "parallel-1" daemon [_thread_blocked, id=77760, stack(0x000000c90ca00000,0x000000c90cb00000)]
  0x00000287dfa5b130 JavaThread "pool-2-thread-1" [_thread_blocked, id=77032, stack(0x000000c90cb00000,0x000000c90cc00000)]
  0x00000287dffab470 JavaThread "ForkJoinPool.commonPool-worker-2" daemon [_thread_blocked, id=78296, stack(0x000000c90cc00000,0x000000c90cd00000)]
  0x00000287dffab940 JavaThread "pool-2-thread-2" [_thread_blocked, id=75144, stack(0x000000c90cd00000,0x000000c90ce00000)]
  0x00000287dffaa130 JavaThread "parallel-2" daemon [_thread_blocked, id=37504, stack(0x000000c90ce00000,0x000000c90cf00000)]
  0x00000287dffa8920 JavaThread "Reconciler-1" daemon [_thread_blocked, id=73932, stack(0x000000c90cf00000,0x000000c90d000000)]

Other Threads:
=>0x00000287ddc1d920 VMThread "VM Thread" [stack: 0x000000c909e00000,0x000000c909f00000] [id=81788]
  0x00000287cb2fa470 WatcherThread [stack: 0x000000c90aa00000,0x000000c90ab00000] [id=38452]
  0x00000287cb2d0000 GCTaskThread "GC Thread#0" [stack: 0x000000c909900000,0x000000c909a00000] [id=78804]
  0x00000287de7c3cd0 GCTaskThread "GC Thread#1" [stack: 0x000000c90ad00000,0x000000c90ae00000] [id=38000]
  0x00000287de7c3f80 GCTaskThread "GC Thread#2" [stack: 0x000000c90ae00000,0x000000c90af00000] [id=76404]
  0x00000287de7c4230 GCTaskThread "GC Thread#3" [stack: 0x000000c90af00000,0x000000c90b000000] [id=77896]
  0x00000287de7c1260 GCTaskThread "GC Thread#4" [stack: 0x000000c90b000000,0x000000c90b100000] [id=78528]
  0x00000287de7c1510 GCTaskThread "GC Thread#5" [stack: 0x000000c90b100000,0x000000c90b200000] [id=77800]
  0x00000287df1b8820 GCTaskThread "GC Thread#6" [stack: 0x000000c90b200000,0x000000c90b300000] [id=77308]
  0x00000287df1b8ee0 GCTaskThread "GC Thread#7" [stack: 0x000000c90b300000,0x000000c90b400000] [id=71560]
  0x00000287cb2e0aa0 ConcurrentGCThread "G1 Main Marker" [stack: 0x000000c909a00000,0x000000c909b00000] [id=80572]
  0x00000287cb2e1b60 ConcurrentGCThread "G1 Conc#0" [stack: 0x000000c909b00000,0x000000c909c00000] [id=4352]
  0x00000287df299af0 ConcurrentGCThread "G1 Conc#1" [stack: 0x000000c90b500000,0x000000c90b600000] [id=76628]
  0x00000287cb32e400 ConcurrentGCThread "G1 Refine#0" [stack: 0x000000c909c00000,0x000000c909d00000] [id=3168]
  0x00000287e199cc20 ConcurrentGCThread "G1 Refine#1" [stack: 0x000000c90c700000,0x000000c90c800000] [id=80204]
  0x00000287de6aa830 ConcurrentGCThread "G1 Refine#2" [stack: 0x000000c90d000000,0x000000c90d100000] [id=81112]
  0x00000287dcf2b120 ConcurrentGCThread "G1 Service" [stack: 0x000000c909d00000,0x000000c909e00000] [id=61616]

Threads with active compile tasks:

VM state: at safepoint (normal execution)

VM Mutex/Monitor currently owned by a thread:  ([mutex/lock_event])
[0x00000287c907beb0] Threads_lock - owner thread: 0x00000287ddc1d920
[0x00000287cb262170] Heap_lock - owner thread: 0x00000287df9bb180

Heap address: 0x0000000703a00000, size: 4038 MB, Compressed Oops mode: Zero based, Oop shift amount: 3

CDS archive(s) not mapped
Compressed class space mapped at: 0x0000000800000000-0x0000000840000000, reserved size: 1073741824
Narrow klass base: 0x0000000800000000, Narrow klass shift: 0, Narrow klass range: 0x40000000

GC Precious Log:
 CPUs: 8 total, 8 available
 Memory: 16144M
 Large Page Support: Disabled
 NUMA Support: Disabled
 Compressed Oops: Enabled (Zero based)
 Heap Region Size: 2M
 Heap Min Capacity: 8M
 Heap Initial Capacity: 254M
 Heap Max Capacity: 4038M
 Pre-touch: Disabled
 Parallel Workers: 8
 Concurrent Workers: 2
 Concurrent Refinement Workers: 8
 Periodic GC: Disabled

Heap:
 garbage-first heap   total 307200K, used 86533K [0x0000000703a00000, 0x0000000800000000)
  region size 2048K, 7 young (14336K), 7 survivors (14336K)
 Metaspace       used 35185K, committed 35520K, reserved 1081344K
  class space    used 4575K, committed 4736K, reserved 1048576K

Heap Regions: E=young(eden), S=young(survivor), O=old, HS=humongous(starts), HC=humongous(continues), CS=collection set, F=free, OA=open archive, CA=closed archive, TAMS=top-at-mark-start (previous, next)
|   0|0x0000000703a00000, 0x0000000703c00000, 0x0000000703c00000|100%| O|  |TAMS 0x0000000703c00000, 0x0000000703a00000| Untracked 
|   1|0x0000000703c00000, 0x0000000703e00000, 0x0000000703e00000|100%| O|  |TAMS 0x0000000703e00000, 0x0000000703c00000| Untracked 
|   2|0x0000000703e00000, 0x0000000704000000, 0x0000000704000000|100%| O|  |TAMS 0x0000000704000000, 0x0000000703e00000| Untracked 
|   3|0x0000000704000000, 0x0000000704200000, 0x0000000704200000|100%| O|  |TAMS 0x0000000704000000, 0x0000000704000000| Untracked 
|   4|0x0000000704200000, 0x0000000704400000, 0x0000000704400000|100%| O|  |TAMS 0x0000000704200000, 0x0000000704200000| Untracked 
|   5|0x0000000704400000, 0x0000000704600000, 0x0000000704600000|100%| O|  |TAMS 0x0000000704400000, 0x0000000704400000| Untracked 
|   6|0x0000000704600000, 0x0000000704800000, 0x0000000704800000|100%| O|  |TAMS 0x0000000704600000, 0x0000000704600000| Untracked 
|   7|0x0000000704800000, 0x0000000704a00000, 0x0000000704a00000|100%| O|  |TAMS 0x0000000704800000, 0x0000000704800000| Untracked 
|   8|0x0000000704a00000, 0x0000000704c00000, 0x0000000704c00000|100%| O|  |TAMS 0x0000000704a00000, 0x0000000704a00000| Untracked 
|   9|0x0000000704c00000, 0x0000000704e00000, 0x0000000704e00000|100%| O|  |TAMS 0x0000000704c00000, 0x0000000704c00000| Untracked 
|  10|0x0000000704e00000, 0x0000000705000000, 0x0000000705000000|100%| O|  |TAMS 0x0000000704e00000, 0x0000000704e00000| Untracked 
|  11|0x0000000705000000, 0x0000000705200000, 0x0000000705200000|100%| O|  |TAMS 0x0000000705000000, 0x0000000705000000| Untracked 
|  12|0x0000000705200000, 0x0000000705400000, 0x0000000705400000|100%| O|  |TAMS 0x0000000705200000, 0x0000000705200000| Untracked 
|  13|0x0000000705400000, 0x0000000705600000, 0x0000000705600000|100%| O|  |TAMS 0x0000000705400000, 0x0000000705400000| Untracked 
|  14|0x0000000705600000, 0x0000000705800000, 0x0000000705800000|100%| O|  |TAMS 0x0000000705600000, 0x0000000705600000| Untracked 
|  15|0x0000000705800000, 0x0000000705a00000, 0x0000000705a00000|100%| O|  |TAMS 0x0000000705800000, 0x0000000705800000| Untracked 
|  16|0x0000000705a00000, 0x0000000705c00000, 0x0000000705c00000|100%| O|  |TAMS 0x0000000705a00000, 0x0000000705a00000| Untracked 
|  17|0x0000000705c00000, 0x0000000705e00000, 0x0000000705e00000|100%| O|  |TAMS 0x0000000705c00000, 0x0000000705c00000| Untracked 
|  18|0x0000000705e00000, 0x0000000706000000, 0x0000000706000000|100%| O|  |TAMS 0x0000000705e00000, 0x0000000705e00000| Untracked 
|  19|0x0000000706000000, 0x0000000706200000, 0x0000000706200000|100%| O|  |TAMS 0x0000000706000000, 0x0000000706000000| Untracked 
|  20|0x0000000706200000, 0x0000000706400000, 0x0000000706400000|100%| O|  |TAMS 0x0000000706200000, 0x0000000706200000| Untracked 
|  21|0x0000000706400000, 0x0000000706600000, 0x0000000706600000|100%| O|  |TAMS 0x0000000706400000, 0x0000000706400000| Untracked 
|  22|0x0000000706600000, 0x0000000706800000, 0x0000000706800000|100%| O|  |TAMS 0x0000000706600000, 0x0000000706600000| Untracked 
|  23|0x0000000706800000, 0x0000000706a00000, 0x0000000706a00000|100%| O|  |TAMS 0x0000000706800000, 0x0000000706800000| Untracked 
|  24|0x0000000706a00000, 0x0000000706c00000, 0x0000000706c00000|100%| O|  |TAMS 0x0000000706a00000, 0x0000000706a00000| Untracked 
|  25|0x0000000706c00000, 0x0000000706e00000, 0x0000000706e00000|100%| O|  |TAMS 0x0000000706c00000, 0x0000000706c00000| Untracked 
|  26|0x0000000706e00000, 0x0000000707000000, 0x0000000707000000|100%| O|  |TAMS 0x0000000706e00000, 0x0000000706e00000| Untracked 
|  27|0x0000000707000000, 0x0000000707200000, 0x0000000707200000|100%| O|  |TAMS 0x0000000707000000, 0x0000000707000000| Untracked 
|  28|0x0000000707200000, 0x0000000707400000, 0x0000000707400000|100%| O|  |TAMS 0x0000000707200000, 0x0000000707200000| Untracked 
|  29|0x0000000707400000, 0x0000000707600000, 0x0000000707600000|100%| O|  |TAMS 0x0000000707400000, 0x0000000707400000| Untracked 
|  30|0x0000000707600000, 0x0000000707800000, 0x0000000707800000|100%| O|  |TAMS 0x0000000707600000, 0x0000000707600000| Untracked 
|  31|0x0000000707800000, 0x0000000707a00000, 0x0000000707a00000|100%| O|  |TAMS 0x0000000707800000, 0x0000000707800000| Untracked 
|  32|0x0000000707a00000, 0x0000000707c00000, 0x0000000707c00000|100%| O|  |TAMS 0x0000000707a00000, 0x0000000707a00000| Untracked 
|  33|0x0000000707c00000, 0x0000000707e00000, 0x0000000707e00000|100%| O|  |TAMS 0x0000000707c00000, 0x0000000707c00000| Untracked 
|  34|0x0000000707e00000, 0x0000000708000000, 0x0000000708000000|100%| O|  |TAMS 0x0000000707e00000, 0x0000000707e00000| Untracked 
|  35|0x0000000708000000, 0x00000007080a3a00, 0x0000000708200000| 31%| O|  |TAMS 0x0000000708000000, 0x0000000708000000| Untracked 
|  36|0x0000000708200000, 0x0000000708200000, 0x0000000708400000|  0%| F|  |TAMS 0x0000000708200000, 0x0000000708200000| Untracked 
|  37|0x0000000708400000, 0x0000000708400000, 0x0000000708600000|  0%| F|  |TAMS 0x0000000708400000, 0x0000000708400000| Untracked 
|  38|0x0000000708600000, 0x0000000708600000, 0x0000000708800000|  0%| F|  |TAMS 0x0000000708600000, 0x0000000708600000| Untracked 
|  39|0x0000000708800000, 0x0000000708800000, 0x0000000708a00000|  0%| F|  |TAMS 0x0000000708800000, 0x0000000708800000| Untracked 
|  40|0x0000000708a00000, 0x0000000708a00000, 0x0000000708c00000|  0%| F|  |TAMS 0x0000000708a00000, 0x0000000708a00000| Untracked 
|  41|0x0000000708c00000, 0x0000000708c00000, 0x0000000708e00000|  0%| F|  |TAMS 0x0000000708c00000, 0x0000000708c00000| Untracked 
|  42|0x0000000708e00000, 0x0000000708e00000, 0x0000000709000000|  0%| F|  |TAMS 0x0000000708e00000, 0x0000000708e00000| Untracked 
|  43|0x0000000709000000, 0x0000000709000000, 0x0000000709200000|  0%| F|  |TAMS 0x0000000709000000, 0x0000000709000000| Untracked 
|  44|0x0000000709200000, 0x0000000709200000, 0x0000000709400000|  0%| F|  |TAMS 0x0000000709200000, 0x0000000709200000| Untracked 
|  45|0x0000000709400000, 0x0000000709400000, 0x0000000709600000|  0%| F|  |TAMS 0x0000000709400000, 0x0000000709400000| Untracked 
|  46|0x0000000709600000, 0x0000000709600000, 0x0000000709800000|  0%| F|  |TAMS 0x0000000709600000, 0x0000000709600000| Untracked 
|  47|0x0000000709800000, 0x0000000709800000, 0x0000000709a00000|  0%| F|  |TAMS 0x0000000709800000, 0x0000000709800000| Untracked 
|  48|0x0000000709a00000, 0x0000000709a00000, 0x0000000709c00000|  0%| F|  |TAMS 0x0000000709a00000, 0x0000000709a00000| Untracked 
|  49|0x0000000709c00000, 0x0000000709c00000, 0x0000000709e00000|  0%| F|  |TAMS 0x0000000709c00000, 0x0000000709c00000| Untracked 
|  50|0x0000000709e00000, 0x0000000709e00000, 0x000000070a000000|  0%| F|  |TAMS 0x0000000709e00000, 0x0000000709e00000| Untracked 
|  51|0x000000070a000000, 0x000000070a000000, 0x000000070a200000|  0%| F|  |TAMS 0x000000070a000000, 0x000000070a000000| Untracked 
|  52|0x000000070a200000, 0x000000070a200000, 0x000000070a400000|  0%| F|  |TAMS 0x000000070a200000, 0x000000070a200000| Untracked 
|  53|0x000000070a400000, 0x000000070a400000, 0x000000070a600000|  0%| F|  |TAMS 0x000000070a400000, 0x000000070a400000| Untracked 
|  54|0x000000070a600000, 0x000000070a600000, 0x000000070a800000|  0%| F|  |TAMS 0x000000070a600000, 0x000000070a600000| Untracked 
|  55|0x000000070a800000, 0x000000070a800000, 0x000000070aa00000|  0%| F|  |TAMS 0x000000070a800000, 0x000000070a800000| Untracked 
|  56|0x000000070aa00000, 0x000000070abdda58, 0x000000070ac00000| 93%| S|CS|TAMS 0x000000070aa00000, 0x000000070aa00000| Complete 
|  57|0x000000070ac00000, 0x000000070ae00000, 0x000000070ae00000|100%| S|CS|TAMS 0x000000070ac00000, 0x000000070ac00000| Complete 
|  58|0x000000070ae00000, 0x000000070ae00000, 0x000000070b000000|  0%| F|  |TAMS 0x000000070ae00000, 0x000000070ae00000| Untracked 
|  59|0x000000070b000000, 0x000000070b000000, 0x000000070b200000|  0%| F|  |TAMS 0x000000070b000000, 0x000000070b000000| Untracked 
|  60|0x000000070b200000, 0x000000070b200000, 0x000000070b400000|  0%| F|  |TAMS 0x000000070b200000, 0x000000070b200000| Untracked 
|  61|0x000000070b400000, 0x000000070b400000, 0x000000070b600000|  0%| F|  |TAMS 0x000000070b400000, 0x000000070b400000| Untracked 
|  62|0x000000070b600000, 0x000000070b600000, 0x000000070b800000|  0%| F|  |TAMS 0x000000070b600000, 0x000000070b600000| Untracked 
|  63|0x000000070b800000, 0x000000070b800000, 0x000000070ba00000|  0%| F|  |TAMS 0x000000070b800000, 0x000000070b800000| Untracked 
|  64|0x000000070ba00000, 0x000000070ba00000, 0x000000070bc00000|  0%| F|  |TAMS 0x000000070ba00000, 0x000000070ba00000| Untracked 
|  65|0x000000070bc00000, 0x000000070be00000, 0x000000070be00000|100%| S|CS|TAMS 0x000000070bc00000, 0x000000070bc00000| Complete 
|  66|0x000000070be00000, 0x000000070c000000, 0x000000070c000000|100%| S|CS|TAMS 0x000000070be00000, 0x000000070be00000| Complete 
|  67|0x000000070c000000, 0x000000070c200000, 0x000000070c200000|100%| S|CS|TAMS 0x000000070c000000, 0x000000070c000000| Complete 
|  68|0x000000070c200000, 0x000000070c400000, 0x000000070c400000|100%| S|CS|TAMS 0x000000070c200000, 0x000000070c200000| Complete 
|  69|0x000000070c400000, 0x000000070c600000, 0x000000070c600000|100%| S|CS|TAMS 0x000000070c400000, 0x000000070c400000| Complete 
|  70|0x000000070c600000, 0x000000070c600000, 0x000000070c800000|  0%| F|  |TAMS 0x000000070c600000, 0x000000070c600000| Untracked 
|  71|0x000000070c800000, 0x000000070c800000, 0x000000070ca00000|  0%| F|  |TAMS 0x000000070c800000, 0x000000070c800000| Untracked 
|  72|0x000000070ca00000, 0x000000070ca00000, 0x000000070cc00000|  0%| F|  |TAMS 0x000000070ca00000, 0x000000070ca00000| Untracked 
|  73|0x000000070cc00000, 0x000000070cc00000, 0x000000070ce00000|  0%| F|  |TAMS 0x000000070cc00000, 0x000000070cc00000| Untracked 
|  74|0x000000070ce00000, 0x000000070ce00000, 0x000000070d000000|  0%| F|  |TAMS 0x000000070ce00000, 0x000000070ce00000| Untracked 
|  75|0x000000070d000000, 0x000000070d000000, 0x000000070d200000|  0%| F|  |TAMS 0x000000070d000000, 0x000000070d000000| Untracked 
|  76|0x000000070d200000, 0x000000070d200000, 0x000000070d400000|  0%| F|  |TAMS 0x000000070d200000, 0x000000070d200000| Untracked 
|  77|0x000000070d400000, 0x000000070d400000, 0x000000070d600000|  0%| F|  |TAMS 0x000000070d400000, 0x000000070d400000| Untracked 
|  78|0x000000070d600000, 0x000000070d600000, 0x000000070d800000|  0%| F|  |TAMS 0x000000070d600000, 0x000000070d600000| Untracked 
|  79|0x000000070d800000, 0x000000070d800000, 0x000000070da00000|  0%| F|  |TAMS 0x000000070d800000, 0x000000070d800000| Untracked 
|  80|0x000000070da00000, 0x000000070da00000, 0x000000070dc00000|  0%| F|  |TAMS 0x000000070da00000, 0x000000070da00000| Untracked 
|  81|0x000000070dc00000, 0x000000070dc00000, 0x000000070de00000|  0%| F|  |TAMS 0x000000070dc00000, 0x000000070dc00000| Untracked 
|  82|0x000000070de00000, 0x000000070de00000, 0x000000070e000000|  0%| F|  |TAMS 0x000000070de00000, 0x000000070de00000| Untracked 
|  83|0x000000070e000000, 0x000000070e000000, 0x000000070e200000|  0%| F|  |TAMS 0x000000070e000000, 0x000000070e000000| Untracked 
|  84|0x000000070e200000, 0x000000070e200000, 0x000000070e400000|  0%| F|  |TAMS 0x000000070e200000, 0x000000070e200000| Untracked 
|  85|0x000000070e400000, 0x000000070e400000, 0x000000070e600000|  0%| F|  |TAMS 0x000000070e400000, 0x000000070e400000| Untracked 
|  86|0x000000070e600000, 0x000000070e600000, 0x000000070e800000|  0%| F|  |TAMS 0x000000070e600000, 0x000000070e600000| Untracked 
|  87|0x000000070e800000, 0x000000070e800000, 0x000000070ea00000|  0%| F|  |TAMS 0x000000070e800000, 0x000000070e800000| Untracked 
|  88|0x000000070ea00000, 0x000000070ea00000, 0x000000070ec00000|  0%| F|  |TAMS 0x000000070ea00000, 0x000000070ea00000| Untracked 
|  89|0x000000070ec00000, 0x000000070ec00000, 0x000000070ee00000|  0%| F|  |TAMS 0x000000070ec00000, 0x000000070ec00000| Untracked 
|  90|0x000000070ee00000, 0x000000070ee00000, 0x000000070f000000|  0%| F|  |TAMS 0x000000070ee00000, 0x000000070ee00000| Untracked 
|  91|0x000000070f000000, 0x000000070f000000, 0x000000070f200000|  0%| F|  |TAMS 0x000000070f000000, 0x000000070f000000| Untracked 
|  92|0x000000070f200000, 0x000000070f200000, 0x000000070f400000|  0%| F|  |TAMS 0x000000070f200000, 0x000000070f200000| Untracked 
|  93|0x000000070f400000, 0x000000070f400000, 0x000000070f600000|  0%| F|  |TAMS 0x000000070f400000, 0x000000070f400000| Untracked 
|  94|0x000000070f600000, 0x000000070f600000, 0x000000070f800000|  0%| F|  |TAMS 0x000000070f600000, 0x000000070f600000| Untracked 
|  95|0x000000070f800000, 0x000000070f800000, 0x000000070fa00000|  0%| F|  |TAMS 0x000000070f800000, 0x000000070f800000| Untracked 
|  96|0x000000070fa00000, 0x000000070fa00000, 0x000000070fc00000|  0%| F|  |TAMS 0x000000070fa00000, 0x000000070fa00000| Untracked 
|  97|0x000000070fc00000, 0x000000070fc00000, 0x000000070fe00000|  0%| F|  |TAMS 0x000000070fc00000, 0x000000070fc00000| Untracked 
|  98|0x000000070fe00000, 0x000000070fe00000, 0x0000000710000000|  0%| F|  |TAMS 0x000000070fe00000, 0x000000070fe00000| Untracked 
|  99|0x0000000710000000, 0x0000000710000000, 0x0000000710200000|  0%| F|  |TAMS 0x0000000710000000, 0x0000000710000000| Untracked 
| 100|0x0000000710200000, 0x0000000710200000, 0x0000000710400000|  0%| F|  |TAMS 0x0000000710200000, 0x0000000710200000| Untracked 
| 101|0x0000000710400000, 0x0000000710400000, 0x0000000710600000|  0%| F|  |TAMS 0x0000000710400000, 0x0000000710400000| Untracked 
| 102|0x0000000710600000, 0x0000000710600000, 0x0000000710800000|  0%| F|  |TAMS 0x0000000710600000, 0x0000000710600000| Untracked 
| 103|0x0000000710800000, 0x0000000710800000, 0x0000000710a00000|  0%| F|  |TAMS 0x0000000710800000, 0x0000000710800000| Untracked 
| 104|0x0000000710a00000, 0x0000000710a00000, 0x0000000710c00000|  0%| F|  |TAMS 0x0000000710a00000, 0x0000000710a00000| Untracked 
| 105|0x0000000710c00000, 0x0000000710c00000, 0x0000000710e00000|  0%| F|  |TAMS 0x0000000710c00000, 0x0000000710c00000| Untracked 
| 106|0x0000000710e00000, 0x0000000710e00000, 0x0000000711000000|  0%| F|  |TAMS 0x0000000710e00000, 0x0000000710e00000| Untracked 
| 107|0x0000000711000000, 0x0000000711000000, 0x0000000711200000|  0%| F|  |TAMS 0x0000000711000000, 0x0000000711000000| Untracked 
| 108|0x0000000711200000, 0x0000000711200000, 0x0000000711400000|  0%| F|  |TAMS 0x0000000711200000, 0x0000000711200000| Untracked 
| 109|0x0000000711400000, 0x0000000711400000, 0x0000000711600000|  0%| F|  |TAMS 0x0000000711400000, 0x0000000711400000| Untracked 
| 110|0x0000000711600000, 0x0000000711600000, 0x0000000711800000|  0%| F|  |TAMS 0x0000000711600000, 0x0000000711600000| Untracked 
| 111|0x0000000711800000, 0x0000000711800000, 0x0000000711a00000|  0%| F|  |TAMS 0x0000000711800000, 0x0000000711800000| Untracked 
| 112|0x0000000711a00000, 0x0000000711a00000, 0x0000000711c00000|  0%| F|  |TAMS 0x0000000711a00000, 0x0000000711a00000| Untracked 
| 113|0x0000000711c00000, 0x0000000711c00000, 0x0000000711e00000|  0%| F|  |TAMS 0x0000000711c00000, 0x0000000711c00000| Untracked 
| 114|0x0000000711e00000, 0x0000000711e00000, 0x0000000712000000|  0%| F|  |TAMS 0x0000000711e00000, 0x0000000711e00000| Untracked 
| 115|0x0000000712000000, 0x0000000712000000, 0x0000000712200000|  0%| F|  |TAMS 0x0000000712000000, 0x0000000712000000| Untracked 
| 116|0x0000000712200000, 0x0000000712200000, 0x0000000712400000|  0%| F|  |TAMS 0x0000000712200000, 0x0000000712200000| Untracked 
| 117|0x0000000712400000, 0x0000000712400000, 0x0000000712600000|  0%| F|  |TAMS 0x0000000712400000, 0x0000000712400000| Untracked 
| 118|0x0000000712600000, 0x0000000712600000, 0x0000000712800000|  0%| F|  |TAMS 0x0000000712600000, 0x0000000712600000| Untracked 
| 119|0x0000000712800000, 0x0000000712800000, 0x0000000712a00000|  0%| F|  |TAMS 0x0000000712800000, 0x0000000712800000| Untracked 
| 120|0x0000000712a00000, 0x0000000712a00000, 0x0000000712c00000|  0%| F|  |TAMS 0x0000000712a00000, 0x0000000712a00000| Untracked 
| 121|0x0000000712c00000, 0x0000000712c00000, 0x0000000712e00000|  0%| F|  |TAMS 0x0000000712c00000, 0x0000000712c00000| Untracked 
| 122|0x0000000712e00000, 0x0000000712e00000, 0x0000000713000000|  0%| F|  |TAMS 0x0000000712e00000, 0x0000000712e00000| Untracked 
| 123|0x0000000713000000, 0x0000000713000000, 0x0000000713200000|  0%| F|  |TAMS 0x0000000713000000, 0x0000000713000000| Untracked 
| 124|0x0000000713200000, 0x0000000713200000, 0x0000000713400000|  0%| F|  |TAMS 0x0000000713200000, 0x0000000713200000| Untracked 
| 125|0x0000000713400000, 0x0000000713400000, 0x0000000713600000|  0%| F|  |TAMS 0x0000000713400000, 0x0000000713400000| Untracked 
| 126|0x0000000713600000, 0x0000000713600000, 0x0000000713800000|  0%| F|  |TAMS 0x0000000713600000, 0x0000000713600000| Untracked 
| 127|0x0000000713800000, 0x0000000713800000, 0x0000000713a00000|  0%| F|  |TAMS 0x0000000713800000, 0x0000000713800000| Untracked 
| 128|0x0000000713a00000, 0x0000000713a00000, 0x0000000713c00000|  0%| F|  |TAMS 0x0000000713a00000, 0x0000000713a00000| Untracked 
| 129|0x0000000713c00000, 0x0000000713c00000, 0x0000000713e00000|  0%| F|  |TAMS 0x0000000713c00000, 0x0000000713c00000| Untracked 
| 130|0x0000000713e00000, 0x0000000713e00000, 0x0000000714000000|  0%| F|  |TAMS 0x0000000713e00000, 0x0000000713e00000| Untracked 
| 131|0x0000000714000000, 0x0000000714000000, 0x0000000714200000|  0%| F|  |TAMS 0x0000000714000000, 0x0000000714000000| Untracked 
| 132|0x0000000714200000, 0x0000000714200000, 0x0000000714400000|  0%| F|  |TAMS 0x0000000714200000, 0x0000000714200000| Untracked 
| 133|0x0000000714400000, 0x0000000714400000, 0x0000000714600000|  0%| F|  |TAMS 0x0000000714400000, 0x0000000714400000| Untracked 
| 134|0x0000000714600000, 0x0000000714600000, 0x0000000714800000|  0%| F|  |TAMS 0x0000000714600000, 0x0000000714600000| Untracked 
| 135|0x0000000714800000, 0x0000000714800000, 0x0000000714a00000|  0%| F|  |TAMS 0x0000000714800000, 0x0000000714800000| Untracked 
| 136|0x0000000714a00000, 0x0000000714a00000, 0x0000000714c00000|  0%| F|  |TAMS 0x0000000714a00000, 0x0000000714a00000| Untracked 
| 137|0x0000000714c00000, 0x0000000714c00000, 0x0000000714e00000|  0%| F|  |TAMS 0x0000000714c00000, 0x0000000714c00000| Untracked 
| 138|0x0000000714e00000, 0x0000000714e00000, 0x0000000715000000|  0%| F|  |TAMS 0x0000000714e00000, 0x0000000714e00000| Untracked 
| 139|0x0000000715000000, 0x0000000715000000, 0x0000000715200000|  0%| F|  |TAMS 0x0000000715000000, 0x0000000715000000| Untracked 
| 140|0x0000000715200000, 0x0000000715200000, 0x0000000715400000|  0%| F|  |TAMS 0x0000000715200000, 0x0000000715200000| Untracked 
| 141|0x0000000715400000, 0x0000000715400000, 0x0000000715600000|  0%| F|  |TAMS 0x0000000715400000, 0x0000000715400000| Untracked 
| 142|0x0000000715600000, 0x0000000715600000, 0x0000000715800000|  0%| F|  |TAMS 0x0000000715600000, 0x0000000715600000| Untracked 
| 143|0x0000000715800000, 0x0000000715800000, 0x0000000715a00000|  0%| F|  |TAMS 0x0000000715800000, 0x0000000715800000| Untracked 
| 144|0x0000000715a00000, 0x0000000715a00000, 0x0000000715c00000|  0%| F|  |TAMS 0x0000000715a00000, 0x0000000715a00000| Untracked 
| 145|0x0000000715c00000, 0x0000000715c00000, 0x0000000715e00000|  0%| F|  |TAMS 0x0000000715c00000, 0x0000000715c00000| Untracked 
| 146|0x0000000715e00000, 0x0000000715e00000, 0x0000000716000000|  0%| F|  |TAMS 0x0000000715e00000, 0x0000000715e00000| Untracked 
| 147|0x0000000716000000, 0x0000000716000000, 0x0000000716200000|  0%| F|  |TAMS 0x0000000716000000, 0x0000000716000000| Untracked 
| 148|0x0000000716200000, 0x0000000716200000, 0x0000000716400000|  0%| F|  |TAMS 0x0000000716200000, 0x0000000716200000| Untracked 
| 149|0x0000000716400000, 0x0000000716400000, 0x0000000716600000|  0%| F|  |TAMS 0x0000000716400000, 0x0000000716400000| Untracked 

Card table byte_map: [0x00000287d17f0000,0x00000287d1fe0000] _byte_map_base: 0x00000287cdfd3000

Marking Bits (Prev, Next): (CMBitMap*) 0x00000287cb2d0560, (CMBitMap*) 0x00000287cb2d0520
 Prev Bits: [0x00000287d66f0000, 0x00000287da608000)
 Next Bits: [0x00000287d27d0000, 0x00000287d66e8000)

Polling page: 0x00000287c9170000

Metaspace:

Usage:
  Non-class:     29.89 MB used.
      Class:      4.47 MB used.
       Both:     34.36 MB used.

Virtual space:
  Non-class space:       32.00 MB reserved,      30.06 MB ( 94%) committed,  4 nodes.
      Class space:        1.00 GB reserved,       4.62 MB ( <1%) committed,  1 nodes.
             Both:        1.03 GB reserved,      34.69 MB (  3%) committed. 

Chunk freelists:
   Non-Class:  1.55 MB
       Class:  3.33 MB
        Both:  4.87 MB

MaxMetaspaceSize: unlimited
CompressedClassSpaceSize: 1.00 GB
Initial GC threshold: 21.00 MB
Current GC threshold: 35.25 MB
CDS: off
MetaspaceReclaimPolicy: balanced
 - commit_granule_bytes: 65536.
 - commit_granule_words: 8192.
 - virtual_space_node_default_size: 1048576.
 - enlarge_chunks_in_place: 1.
 - new_chunks_are_fully_committed: 0.
 - uncommit_free_chunks: 1.
 - use_allocation_guard: 0.
 - handle_deallocations: 1.


Internal statistics:

num_allocs_failed_limit: 3.
num_arena_births: 300.
num_arena_deaths: 0.
num_vsnodes_births: 5.
num_vsnodes_deaths: 0.
num_space_committed: 555.
num_space_uncommitted: 0.
num_chunks_returned_to_freelist: 3.
num_chunks_taken_from_freelist: 1288.
num_chunk_merges: 3.
num_chunk_splits: 890.
num_chunks_enlarged: 707.
num_purges: 0.
num_inconsistent_stats: 0.

CodeCache: size=49152Kb used=9140Kb max_used=9140Kb free=40011Kb
 bounds [0x00000287cdef0000, 0x00000287ce7e0000, 0x00000287d0ef0000]
 total_blobs=4205 nmethods=3679 adapters=450
 compilation: enabled
              stopped_count=0, restarted_count=0
 full_count=0

Compilation events (20 events):
Event: 5.753 Thread 0x00000287ddc75da0 nmethod 3670 0x00000287ce7d8110 code [0x00000287ce7d82a0, 0x00000287ce7d83e8]
Event: 5.753 Thread 0x00000287ddc75da0 3638       1       io.github.classgraph.Classfile$ClassContainment::<init> (20 bytes)
Event: 5.753 Thread 0x00000287ddc75da0 nmethod 3638 0x00000287ce7d8490 code [0x00000287ce7d8620, 0x00000287ce7d8798]
Event: 5.753 Thread 0x00000287ddc75da0 3627       1       java.io.ByteArrayOutputStream::close (1 bytes)
Event: 5.753 Thread 0x00000287ddc75da0 nmethod 3627 0x00000287ce7d8810 code [0x00000287ce7d89a0, 0x00000287ce7d8a58]
Event: 5.753 Thread 0x00000287de7265f0 nmethod 3674 0x00000287ce7d8b10 code [0x00000287ce7d8dc0, 0x00000287ce7d9838]
Event: 5.753 Thread 0x00000287ddc75da0 3623       1       jdk.internal.misc.Unsafe::weakCompareAndSetReference (11 bytes)
Event: 5.753 Thread 0x00000287dde72420 nmethod 3663 0x00000287ce7da110 code [0x00000287ce7da320, 0x00000287ce7da928]
Event: 5.753 Thread 0x00000287dde7aa10 nmethod 3655 0x00000287ce7dac90 code [0x00000287ce7daea0, 0x00000287ce7db428]
Event: 5.753 Thread 0x00000287ddc75da0 nmethod 3623 0x00000287ce7db690 code [0x00000287ce7db820, 0x00000287ce7db958]
Event: 5.762 Thread 0x00000287dde7aa10 3675       1       java.util.concurrent.ConcurrentHashMap::resizeStamp (9 bytes)
Event: 5.762 Thread 0x00000287dde7aa10 nmethod 3675 0x00000287ce7dba10 code [0x00000287ce7dbba0, 0x00000287ce7dbc68]
Event: 5.812 Thread 0x00000287dde7aa10 3676       1       java.util.concurrent.ConcurrentHashMap::helpTransfer (123 bytes)
Event: 5.812 Thread 0x00000287dde7aa10 nmethod 3676 0x00000287ce7dc090 code [0x00000287ce7dc240, 0x00000287ce7dc4f8]
Event: 5.939 Thread 0x00000287ddc75da0 3677       1       java.util.concurrent.locks.ReentrantLock$NonfairSync::tryAcquire (27 bytes)
Event: 5.940 Thread 0x00000287ddc75da0 nmethod 3677 0x00000287ce7dc690 code [0x00000287ce7dc820, 0x00000287ce7dc9b8]
Event: 5.956 Thread 0x00000287ddc75da0 3678       1       java.util.concurrent.locks.AbstractQueuedSynchronizer::acquireInterruptibly (36 bytes)
Event: 5.956 Thread 0x00000287ddc75da0 nmethod 3678 0x00000287ce7dca10 code [0x00000287ce7dcbe0, 0x00000287ce7dce58]
Event: 6.032 Thread 0x00000287de7265f0 3679       1       io.github.classgraph.ModuleRef::getReference (5 bytes)
Event: 6.032 Thread 0x00000287de7265f0 nmethod 3679 0x00000287ce7dcf90 code [0x00000287ce7dd120, 0x00000287ce7dd1f8]

GC Heap History (20 events):
Event: 3.825 GC heap after
{Heap after GC invocations=7 (full 0):
 garbage-first heap   total 49152K, used 14516K [0x0000000703a00000, 0x0000000800000000)
  region size 2048K, 2 young (4096K), 2 survivors (4096K)
 Metaspace       used 27713K, committed 27968K, reserved 1081344K
  class space    used 3470K, committed 3584K, reserved 1048576K
}
Event: 4.514 GC heap before
{Heap before GC invocations=7 (full 0):
 garbage-first heap   total 49152K, used 28852K [0x0000000703a00000, 0x0000000800000000)
  region size 2048K, 9 young (18432K), 2 survivors (4096K)
 Metaspace       used 31140K, committed 31360K, reserved 1081344K
  class space    used 3915K, committed 4032K, reserved 1048576K
}
Event: 4.522 GC heap after
{Heap after GC invocations=8 (full 0):
 garbage-first heap   total 49152K, used 15676K [0x0000000703a00000, 0x0000000800000000)
  region size 2048K, 2 young (4096K), 2 survivors (4096K)
 Metaspace       used 31140K, committed 31360K, reserved 1081344K
  class space    used 3915K, committed 4032K, reserved 1048576K
}
Event: 4.709 GC heap before
{Heap before GC invocations=8 (full 0):
 garbage-first heap   total 49152K, used 32060K [0x0000000703a00000, 0x0000000800000000)
  region size 2048K, 10 young (20480K), 2 survivors (4096K)
 Metaspace       used 32168K, committed 32448K, reserved 1081344K
  class space    used 4060K, committed 4224K, reserved 1048576K
}
Event: 4.716 GC heap after
{Heap after GC invocations=9 (full 0):
 garbage-first heap   total 155648K, used 18298K [0x0000000703a00000, 0x0000000800000000)
  region size 2048K, 2 young (4096K), 2 survivors (4096K)
 Metaspace       used 32168K, committed 32448K, reserved 1081344K
  class space    used 4060K, committed 4224K, reserved 1048576K
}
Event: 5.136 GC heap before
{Heap before GC invocations=9 (full 0):
 garbage-first heap   total 155648K, used 104314K [0x0000000703a00000, 0x0000000800000000)
  region size 2048K, 45 young (92160K), 2 survivors (4096K)
 Metaspace       used 33347K, committed 33600K, reserved 1081344K
  class space    used 4239K, committed 4352K, reserved 1048576K
}
Event: 5.158 GC heap after
{Heap after GC invocations=10 (full 0):
 garbage-first heap   total 155648K, used 35534K [0x0000000703a00000, 0x0000000800000000)
  region size 2048K, 6 young (12288K), 6 survivors (12288K)
 Metaspace       used 33347K, committed 33600K, reserved 1081344K
  class space    used 4239K, committed 4352K, reserved 1048576K
}
Event: 5.622 GC heap before
{Heap before GC invocations=10 (full 0):
 garbage-first heap   total 155648K, used 94926K [0x0000000703a00000, 0x0000000800000000)
  region size 2048K, 36 young (73728K), 6 survivors (12288K)
 Metaspace       used 34979K, committed 35328K, reserved 1081344K
  class space    used 4550K, committed 4736K, reserved 1048576K
}
Event: 5.639 GC heap after
{Heap after GC invocations=11 (full 0):
 garbage-first heap   total 155648K, used 48956K [0x0000000703a00000, 0x0000000800000000)
  region size 2048K, 5 young (10240K), 5 survivors (10240K)
 Metaspace       used 34979K, committed 35328K, reserved 1081344K
  class space    used 4550K, committed 4736K, reserved 1048576K
}
Event: 5.719 GC heap before
{Heap before GC invocations=11 (full 0):
 garbage-first heap   total 155648K, used 102204K [0x0000000703a00000, 0x0000000800000000)
  region size 2048K, 32 young (65536K), 5 survivors (10240K)
 Metaspace       used 35090K, committed 35392K, reserved 1081344K
  class space    used 4561K, committed 4736K, reserved 1048576K
}
Event: 5.741 GC heap after
{Heap after GC invocations=12 (full 0):
 garbage-first heap   total 155648K, used 58630K [0x0000000703a00000, 0x0000000800000000)
  region size 2048K, 4 young (8192K), 4 survivors (8192K)
 Metaspace       used 35090K, committed 35392K, reserved 1081344K
  class space    used 4561K, committed 4736K, reserved 1048576K
}
Event: 5.764 GC heap before
{Heap before GC invocations=12 (full 0):
 garbage-first heap   total 155648K, used 107782K [0x0000000703a00000, 0x0000000800000000)
  region size 2048K, 30 young (61440K), 4 survivors (8192K)
 Metaspace       used 35137K, committed 35456K, reserved 1081344K
  class space    used 4569K, committed 4736K, reserved 1048576K
}
Event: 5.774 GC heap after
{Heap after GC invocations=13 (full 0):
 garbage-first heap   total 307200K, used 62627K [0x0000000703a00000, 0x0000000800000000)
  region size 2048K, 2 young (4096K), 2 survivors (4096K)
 Metaspace       used 35137K, committed 35456K, reserved 1081344K
  class space    used 4569K, committed 4736K, reserved 1048576K
}
Event: 5.841 GC heap before
{Heap before GC invocations=13 (full 0):
 garbage-first heap   total 307200K, used 187555K [0x0000000703a00000, 0x0000000800000000)
  region size 2048K, 64 young (131072K), 2 survivors (4096K)
 Metaspace       used 35185K, committed 35520K, reserved 1081344K
  class space    used 4574K, committed 4736K, reserved 1048576K
}
Event: 5.848 GC heap after
{Heap after GC invocations=14 (full 0):
 garbage-first heap   total 307200K, used 66766K [0x0000000703a00000, 0x0000000800000000)
  region size 2048K, 4 young (8192K), 4 survivors (8192K)
 Metaspace       used 35185K, committed 35520K, reserved 1081344K
  class space    used 4574K, committed 4736K, reserved 1048576K
}
Event: 5.911 GC heap before
{Heap before GC invocations=14 (full 0):
 garbage-first heap   total 307200K, used 216270K [0x0000000703a00000, 0x0000000800000000)
  region size 2048K, 78 young (159744K), 4 survivors (8192K)
 Metaspace       used 35185K, committed 35520K, reserved 1081344K
  class space    used 4574K, committed 4736K, reserved 1048576K
}
Event: 5.918 GC heap after
{Heap after GC invocations=15 (full 0):
 garbage-first heap   total 307200K, used 72877K [0x0000000703a00000, 0x0000000800000000)
  region size 2048K, 7 young (14336K), 7 survivors (14336K)
 Metaspace       used 35185K, committed 35520K, reserved 1081344K
  class space    used 4574K, committed 4736K, reserved 1048576K
}
Event: 5.973 GC heap before
{Heap before GC invocations=15 (full 0):
 garbage-first heap   total 307200K, used 226477K [0x0000000703a00000, 0x0000000800000000)
  region size 2048K, 83 young (169984K), 7 survivors (14336K)
 Metaspace       used 35185K, committed 35520K, reserved 1081344K
  class space    used 4575K, committed 4736K, reserved 1048576K
}
Event: 5.984 GC heap after
{Heap after GC invocations=16 (full 0):
 garbage-first heap   total 307200K, used 79130K [0x0000000703a00000, 0x0000000800000000)
  region size 2048K, 9 young (18432K), 9 survivors (18432K)
 Metaspace       used 35185K, committed 35520K, reserved 1081344K
  class space    used 4575K, committed 4736K, reserved 1048576K
}
Event: 6.036 GC heap before
{Heap before GC invocations=16 (full 0):
 garbage-first heap   total 307200K, used 234778K [0x0000000703a00000, 0x0000000800000000)
  region size 2048K, 87 young (178176K), 9 survivors (18432K)
 Metaspace       used 35185K, committed 35520K, reserved 1081344K
  class space    used 4575K, committed 4736K, reserved 1048576K
}

Deoptimization events (14 events):
Event: 2.065 Thread 0x00000287cb263d90 DEOPT PACKING pc=0x00000287ce42f979 sp=0x000000c9098fd330
Event: 2.065 Thread 0x00000287cb263d90 DEOPT UNPACKING pc=0x00000287cdf42b43 sp=0x000000c9098fc810 mode 3
Event: 4.492 Thread 0x00000287cb263d90 DEOPT PACKING pc=0x00000287ce5a1b79 sp=0x000000c9098fc8a0
Event: 4.492 Thread 0x00000287cb263d90 DEOPT UNPACKING pc=0x00000287cdf42b43 sp=0x000000c9098fbd80 mode 3
Event: 4.571 Thread 0x00000287df8828e0 DEOPT PACKING pc=0x00000287ce5eaf93 sp=0x000000c90b4fe2d0
Event: 4.571 Thread 0x00000287df8828e0 DEOPT UNPACKING pc=0x00000287cdf42b43 sp=0x000000c90b4fd818 mode 3
Event: 4.864 Thread 0x00000287dfa57ea0 DEOPT PACKING pc=0x00000287ce431709 sp=0x000000c90bdff000
Event: 4.864 Thread 0x00000287dfa57ea0 DEOPT UNPACKING pc=0x00000287cdf42b43 sp=0x000000c90bdfe490 mode 3
Event: 5.319 Thread 0x00000287dfa5d2e0 DEOPT PACKING pc=0x00000287ce77eeed sp=0x000000c90c8fd7e0
Event: 5.319 Thread 0x00000287dfa5d2e0 DEOPT UNPACKING pc=0x00000287cdf42b43 sp=0x000000c90c8fcd08 mode 3
Event: 5.558 Thread 0x00000287dfa5a790 DEOPT PACKING pc=0x00000287ce42bc9f sp=0x000000c90c1ff240
Event: 5.558 Thread 0x00000287dfa57ea0 DEOPT PACKING pc=0x00000287ce42bc9f sp=0x000000c90bdff130
Event: 5.558 Thread 0x00000287dfa5a790 DEOPT UNPACKING pc=0x00000287cdf42b43 sp=0x000000c90c1fe698 mode 3
Event: 5.558 Thread 0x00000287dfa57ea0 DEOPT UNPACKING pc=0x00000287cdf42b43 sp=0x000000c90bdfe588 mode 3

Classes unloaded (0 events):
No events

Classes redefined (0 events):
No events

Internal exceptions (20 events):
Event: 4.628 Thread 0x00000287dfa327b0 Exception <a 'sun/nio/fs/WindowsException'{0x00000007116942c0}> (0x00000007116942c0) 
thrown [s\src\hotspot\share\prims\jni.cpp, line 516]
Event: 4.628 Thread 0x00000287dfa327b0 Exception <a 'sun/nio/fs/WindowsException'{0x0000000711694670}> (0x0000000711694670) 
thrown [s\src\hotspot\share\prims\jni.cpp, line 516]
Event: 4.628 Thread 0x00000287dfa327b0 Exception <a 'sun/nio/fs/WindowsException'{0x0000000711695078}> (0x0000000711695078) 
thrown [s\src\hotspot\share\prims\jni.cpp, line 516]
Event: 4.628 Thread 0x00000287dfa327b0 Exception <a 'sun/nio/fs/WindowsException'{0x0000000711695438}> (0x0000000711695438) 
thrown [s\src\hotspot\share\prims\jni.cpp, line 516]
Event: 4.628 Thread 0x00000287dfa327b0 Exception <a 'sun/nio/fs/WindowsException'{0x0000000711695e38}> (0x0000000711695e38) 
thrown [s\src\hotspot\share\prims\jni.cpp, line 516]
Event: 4.628 Thread 0x00000287dfa327b0 Exception <a 'sun/nio/fs/WindowsException'{0x00000007116961f0}> (0x00000007116961f0) 
thrown [s\src\hotspot\share\prims\jni.cpp, line 516]
Event: 4.629 Thread 0x00000287dfa327b0 Exception <a 'sun/nio/fs/WindowsException'{0x0000000711696bf8}> (0x0000000711696bf8) 
thrown [s\src\hotspot\share\prims\jni.cpp, line 516]
Event: 4.629 Thread 0x00000287dfa327b0 Exception <a 'sun/nio/fs/WindowsException'{0x0000000711696fb8}> (0x0000000711696fb8) 
thrown [s\src\hotspot\share\prims\jni.cpp, line 516]
Event: 4.629 Thread 0x00000287dfa327b0 Exception <a 'sun/nio/fs/WindowsException'{0x00000007117e0970}> (0x00000007117e0970) 
thrown [s\src\hotspot\share\prims\jni.cpp, line 516]
Event: 4.629 Thread 0x00000287dfa327b0 Exception <a 'sun/nio/fs/WindowsException'{0x00000007117e0d58}> (0x00000007117e0d58) 
thrown [s\src\hotspot\share\prims\jni.cpp, line 516]
Event: 4.629 Thread 0x00000287dfa327b0 Exception <a 'sun/nio/fs/WindowsException'{0x00000007117e1790}> (0x00000007117e1790) 
thrown [s\src\hotspot\share\prims\jni.cpp, line 516]
Event: 4.629 Thread 0x00000287dfa327b0 Exception <a 'sun/nio/fs/WindowsException'{0x00000007117e1b90}> (0x00000007117e1b90) 
thrown [s\src\hotspot\share\prims\jni.cpp, line 516]
Event: 4.629 Thread 0x00000287dfa327b0 Exception <a 'sun/nio/fs/WindowsException'{0x00000007117e25c0}> (0x00000007117e25c0) 
thrown [s\src\hotspot\share\prims\jni.cpp, line 516]
Event: 4.629 Thread 0x00000287dfa327b0 Exception <a 'sun/nio/fs/WindowsException'{0x00000007117e29b0}> (0x00000007117e29b0) 
thrown [s\src\hotspot\share\prims\jni.cpp, line 516]
Event: 4.774 Thread 0x00000287cb263d90 Exception <a 'java/lang/NoSuchMethodError'{0x00000007136ff7c8}: 'java.lang.Object java.lang.invoke.DirectMethodHandle$Holder.newInvokeSpecial(java.lang.Object, java.lang.Object, int, java.lang.Object, java.lang.Object)'> (0x00000007136ff7c8) 
thrown [s\src\hotspot\share\interpreter\linkResolver.cpp, line 759]
Event: 5.315 Thread 0x00000287dfa5d2e0 Exception <a 'java/lang/NoSuchMethodError'{0x000000070b173ed8}: 'java.lang.Object java.lang.invoke.DirectMethodHandle$Holder.invokeStatic(java.lang.Object, int, java.lang.Object)'> (0x000000070b173ed8) 
thrown [s\src\hotspot\share\interpreter\linkResolver.cpp, line 759]
Event: 5.318 Thread 0x00000287dfa5ac60 Exception <a 'java/lang/NoSuchMethodError'{0x000000070b1974d8}: 'java.lang.Object java.lang.invoke.DirectMethodHandle$Holder.invokeStatic(java.lang.Object, java.lang.Object, java.lang.Object, int, java.lang.Object, java.lang.Object)'> (0x000000070b1974d8) 
thrown [s\src\hotspot\share\interpreter\linkResolver.cpp, line 759]
Event: 5.438 Thread 0x00000287dfa5d2e0 Exception <a 'java/lang/NoSuchMethodError'{0x000000070a920238}: 'int java.lang.invoke.DirectMethodHandle$Holder.invokeStatic(java.lang.Object)'> (0x000000070a920238) 
thrown [s\src\hotspot\share\interpreter\linkResolver.cpp, line 759]
Event: 5.438 Thread 0x00000287dfa5d2e0 Exception <a 'java/lang/NoSuchMethodError'{0x000000070a923990}: 'int java.lang.invoke.DirectMethodHandle$Holder.invokeStaticInit(java.lang.Object)'> (0x000000070a923990) 
thrown [s\src\hotspot\share\interpreter\linkResolver.cpp, line 759]
Event: 5.460 Thread 0x00000287dfa5ac60 Exception <a 'java/lang/NoSuchMethodError'{0x000000070a60f9a0}: 'int java.lang.invoke.DirectMethodHandle$Holder.invokeVirtual(java.lang.Object, java.lang.Object)'> (0x000000070a60f9a0) 
thrown [s\src\hotspot\share\interpreter\linkResolver.cpp, line 759]

VM Operations (20 events):
Event: 5.747 Executing VM operation: HandshakeAllThreads done
Event: 5.763 Executing VM operation: G1CollectForAllocation
Event: 5.764 Executing VM operation: G1CollectForAllocation done
Event: 5.764 Executing VM operation: G1CollectForAllocation
Event: 5.774 Executing VM operation: G1CollectForAllocation done
Event: 5.840 Executing VM operation: G1CollectForAllocation
Event: 5.841 Executing VM operation: G1CollectForAllocation done
Event: 5.841 Executing VM operation: G1CollectForAllocation
Event: 5.848 Executing VM operation: G1CollectForAllocation done
Event: 5.898 Executing VM operation: G1CollectForAllocation
Event: 5.910 Executing VM operation: G1CollectForAllocation done
Event: 5.910 Executing VM operation: G1CollectForAllocation
Event: 5.918 Executing VM operation: G1CollectForAllocation done
Event: 5.968 Executing VM operation: G1CollectForAllocation
Event: 5.973 Executing VM operation: G1CollectForAllocation done
Event: 5.973 Executing VM operation: G1CollectForAllocation
Event: 5.984 Executing VM operation: G1CollectForAllocation done
Event: 6.035 Executing VM operation: G1CollectForAllocation
Event: 6.035 Executing VM operation: G1CollectForAllocation done
Event: 6.036 Executing VM operation: G1CollectForAllocation

Events (20 events):
Event: 5.375 loading class java/util/concurrent/CompletableFuture$UniCompose
Event: 5.375 loading class java/util/concurrent/CompletableFuture$UniCompose done
Event: 5.376 Thread 0x00000287dffab470 Thread added: 0x00000287dffab470
Event: 5.377 Thread 0x00000287dffab940 Thread added: 0x00000287dffab940
Event: 5.377 loading class java/util/concurrent/CompletableFuture$UniRelay
Event: 5.377 loading class java/util/concurrent/CompletableFuture$UniRelay done
Event: 5.445 Thread 0x00000287dffaa130 Thread added: 0x00000287dffaa130
Event: 5.451 loading class java/util/concurrent/CompletionException
Event: 5.451 loading class java/util/concurrent/CompletionException done
Event: 5.464 loading class java/io/PrintWriter
Event: 5.464 loading class java/io/PrintWriter done
Event: 5.465 Thread 0x00000287dffa8920 Thread added: 0x00000287dffa8920
Event: 5.467 loading class sun/nio/cs/StringUTF16
Event: 5.467 loading class sun/nio/cs/StringUTF16 done
Event: 5.469 loading class java/util/WeakHashMap$EntrySet
Event: 5.469 loading class java/util/WeakHashMap$EntrySet done
Event: 5.469 loading class java/util/WeakHashMap$EntryIterator
Event: 5.469 loading class java/util/WeakHashMap$HashIterator
Event: 5.469 loading class java/util/WeakHashMap$HashIterator done
Event: 5.469 loading class java/util/WeakHashMap$EntryIterator done


Dynamic libraries:
0x00007ff7440b0000 - 0x00007ff7440be000 	c:\Users\9001433\.vscode\extensions\redhat.java-1.12.0-win32-x64\jre\17.0.4.1-win32-x86_64\bin\java.exe
0x00007ffd33770000 - 0x00007ffd33968000 	C:\WINDOWS\SYSTEM32\ntdll.dll
0x00007ffd332c0000 - 0x00007ffd3337d000 	C:\WINDOWS\System32\KERNEL32.DLL
0x00007ffd31350000 - 0x00007ffd31622000 	C:\WINDOWS\System32\KERNELBASE.dll
0x00007ffd30eb0000 - 0x00007ffd30fb0000 	C:\WINDOWS\System32\ucrtbase.dll
0x00007ffd24940000 - 0x00007ffd24958000 	c:\Users\9001433\.vscode\extensions\redhat.java-1.12.0-win32-x64\jre\17.0.4.1-win32-x86_64\bin\jli.dll
0x00007ffd24a50000 - 0x00007ffd24a69000 	c:\Users\9001433\.vscode\extensions\redhat.java-1.12.0-win32-x64\jre\17.0.4.1-win32-x86_64\bin\VCRUNTIME140.dll
0x00007ffd33380000 - 0x00007ffd3351d000 	C:\WINDOWS\System32\USER32.dll
0x00007ffd30e80000 - 0x00007ffd30ea2000 	C:\WINDOWS\System32\win32u.dll
0x00007ffd31890000 - 0x00007ffd318bb000 	C:\WINDOWS\System32\GDI32.dll
0x00007ffd1a020000 - 0x00007ffd1a2ba000 	C:\WINDOWS\WinSxS\amd64_microsoft.windows.common-controls_6595b64144ccf1df_6.0.19041.1110_none_60b5254171f9507e\COMCTL32.dll
0x00007ffd31140000 - 0x00007ffd3124f000 	C:\WINDOWS\System32\gdi32full.dll
0x00007ffd31730000 - 0x00007ffd317cd000 	C:\WINDOWS\System32\msvcp_win.dll
0x00007ffd32fd0000 - 0x00007ffd3306e000 	C:\WINDOWS\System32\msvcrt.dll
0x00007ffd32fa0000 - 0x00007ffd32fd0000 	C:\WINDOWS\System32\IMM32.DLL
0x00000287c9190000 - 0x00000287c91a4000 	C:\WINDOWS\System32\umppc16010.dll
0x00007ffd24aa0000 - 0x00007ffd24aac000 	c:\Users\9001433\.vscode\extensions\redhat.java-1.12.0-win32-x64\jre\17.0.4.1-win32-x86_64\bin\vcruntime140_1.dll
0x00007ffcd00a0000 - 0x00007ffcd0131000 	c:\Users\9001433\.vscode\extensions\redhat.java-1.12.0-win32-x64\jre\17.0.4.1-win32-x86_64\bin\msvcp140.dll
0x00007ffcbda20000 - 0x00007ffcbe666000 	c:\Users\9001433\.vscode\extensions\redhat.java-1.12.0-win32-x64\jre\17.0.4.1-win32-x86_64\bin\server\jvm.dll
0x00007ffd328e0000 - 0x00007ffd3298e000 	C:\WINDOWS\System32\ADVAPI32.dll
0x00007ffd33200000 - 0x00007ffd3329c000 	C:\WINDOWS\System32\sechost.dll
0x00007ffd330d0000 - 0x00007ffd331f5000 	C:\WINDOWS\System32\RPCRT4.dll
0x00007ffd32f90000 - 0x00007ffd32f98000 	C:\WINDOWS\System32\PSAPI.DLL
0x00007ffd0f6a0000 - 0x00007ffd0f6a9000 	C:\WINDOWS\SYSTEM32\WSOCK32.dll
0x00007ffd32870000 - 0x00007ffd328db000 	C:\WINDOWS\System32\WS2_32.dll
0x00007ffd29f70000 - 0x00007ffd29f97000 	C:\WINDOWS\SYSTEM32\WINMM.dll
0x00007ffd24310000 - 0x00007ffd2431a000 	C:\WINDOWS\SYSTEM32\VERSION.dll
0x00007ffd2f650000 - 0x00007ffd2f662000 	C:\WINDOWS\SYSTEM32\kernel.appcore.dll
0x00007ffd248e0000 - 0x00007ffd248ea000 	c:\Users\9001433\.vscode\extensions\redhat.java-1.12.0-win32-x64\jre\17.0.4.1-win32-x86_64\bin\jimage.dll
0x00007ffd2eb40000 - 0x00007ffd2ed24000 	C:\WINDOWS\SYSTEM32\DBGHELP.DLL
0x00007ffd10530000 - 0x00007ffd1055c000 	C:\WINDOWS\SYSTEM32\dbgcore.DLL
0x00007ffd312c0000 - 0x00007ffd31342000 	C:\WINDOWS\System32\bcryptPrimitives.dll
0x00007ffd18490000 - 0x00007ffd184b5000 	c:\Users\9001433\.vscode\extensions\redhat.java-1.12.0-win32-x64\jre\17.0.4.1-win32-x86_64\bin\java.dll
0x00007ffd24860000 - 0x00007ffd24878000 	c:\Users\9001433\.vscode\extensions\redhat.java-1.12.0-win32-x64\jre\17.0.4.1-win32-x86_64\bin\zip.dll
0x00007ffd31ae0000 - 0x00007ffd32223000 	C:\WINDOWS\System32\SHELL32.dll
0x00007ffd2eea0000 - 0x00007ffd2f631000 	C:\WINDOWS\SYSTEM32\windows.storage.dll
0x00007ffd329a0000 - 0x00007ffd32cf4000 	C:\WINDOWS\System32\combase.dll
0x00007ffd30800000 - 0x00007ffd30830000 	C:\WINDOWS\SYSTEM32\Wldp.dll
0x00007ffd31a30000 - 0x00007ffd31add000 	C:\WINDOWS\System32\SHCORE.dll
0x00007ffd32f30000 - 0x00007ffd32f85000 	C:\WINDOWS\System32\shlwapi.dll
0x00007ffd30dc0000 - 0x00007ffd30ddf000 	C:\WINDOWS\SYSTEM32\profapi.dll
0x00007ffd247d0000 - 0x00007ffd247e9000 	C:\Users\9001433\.vscode\extensions\redhat.java-1.12.0-win32-x64\jre\17.0.4.1-win32-x86_64\bin\net.dll
0x00007ffd29b80000 - 0x00007ffd29c8d000 	C:\WINDOWS\SYSTEM32\WINHTTP.dll
0x00007ffd305e0000 - 0x00007ffd3064a000 	C:\WINDOWS\system32\mswsock.dll
0x00007ffd1d9d0000 - 0x00007ffd1d9e5000 	C:\Users\9001433\.vscode\extensions\redhat.java-1.12.0-win32-x64\jre\17.0.4.1-win32-x86_64\bin\nio.dll
0x00007ffd247b0000 - 0x00007ffd247c0000 	c:\Users\9001433\.vscode\extensions\redhat.java-1.12.0-win32-x64\jre\17.0.4.1-win32-x86_64\bin\verify.dll
0x00007ffd1da30000 - 0x00007ffd1da39000 	C:\Users\9001433\.vscode\extensions\redhat.java-1.12.0-win32-x64\jre\17.0.4.1-win32-x86_64\bin\management.dll
0x00007ffd1da20000 - 0x00007ffd1da2b000 	C:\Users\9001433\.vscode\extensions\redhat.java-1.12.0-win32-x64\jre\17.0.4.1-win32-x86_64\bin\management_ext.dll
0x00007ffd010c0000 - 0x00007ffd010d7000 	C:\WINDOWS\system32\napinsp.dll
0x00007ffd010a0000 - 0x00007ffd010bb000 	C:\WINDOWS\system32\pnrpnsp.dll
0x00007ffd27010000 - 0x00007ffd27025000 	C:\WINDOWS\system32\wshbth.dll
0x00007ffd294b0000 - 0x00007ffd294cd000 	C:\WINDOWS\system32\NLAapi.dll
0x00007ffd302a0000 - 0x00007ffd302db000 	C:\WINDOWS\SYSTEM32\IPHLPAPI.DLL
0x00007ffd302f0000 - 0x00007ffd303ba000 	C:\WINDOWS\SYSTEM32\DNSAPI.dll
0x00007ffd31a20000 - 0x00007ffd31a28000 	C:\WINDOWS\System32\NSI.dll
0x00007ffd01080000 - 0x00007ffd01092000 	C:\WINDOWS\System32\winrnr.dll
0x00007ffd243d0000 - 0x00007ffd243da000 	C:\Windows\System32\rasadhlp.dll
0x00007ffd26c60000 - 0x00007ffd26ce0000 	C:\WINDOWS\System32\fwpuclnt.dll
0x00007ffd31110000 - 0x00007ffd31137000 	C:\WINDOWS\System32\bcrypt.dll
0x00007ffd30840000 - 0x00007ffd30858000 	C:\WINDOWS\SYSTEM32\CRYPTSP.dll
0x00007ffd2feb0000 - 0x00007ffd2fee4000 	C:\WINDOWS\system32\rsaenh.dll
0x00007ffd30d40000 - 0x00007ffd30d6e000 	C:\WINDOWS\SYSTEM32\USERENV.dll
0x00007ffd30770000 - 0x00007ffd3077c000 	C:\WINDOWS\SYSTEM32\CRYPTBASE.dll
0x00007ffd26af0000 - 0x00007ffd26b07000 	C:\WINDOWS\SYSTEM32\dhcpcsvc6.DLL
0x00007ffd269e0000 - 0x00007ffd269fd000 	C:\WINDOWS\SYSTEM32\dhcpcsvc.DLL

dbghelp: loaded successfully - version: 4.0.5 - missing functions: none
symbol engine: initialized successfully - sym options: 0x614 - pdb path: .;c:\Users\9001433\.vscode\extensions\redhat.java-1.12.0-win32-x64\jre\17.0.4.1-win32-x86_64\bin;C:\WINDOWS\SYSTEM32;C:\WINDOWS\WinSxS\amd64_microsoft.windows.common-controls_6595b64144ccf1df_6.0.19041.1110_none_60b5254171f9507e;c:\Users\9001433\.vscode\extensions\redhat.java-1.12.0-win32-x64\jre\17.0.4.1-win32-x86_64\bin\server

VM Arguments:
jvm_args: -Dsts.lsp.client=vscode -Dsts.log.file=/dev/null -XX:TieredStopAtLevel=1 -Dspring.config.location=file:c:\Users\9001433\.vscode\extensions\pivotal.vscode-spring-boot-1.38.0\language-server\BOOT-INF\classes\application.properties 
java_command: org.springframework.ide.vscode.boot.app.BootLanguageServerBootApp
java_class_path (initial): c:\Users\9001433\.vscode\extensions\pivotal.vscode-spring-boot-1.38.0\language-server\BOOT-INF\classes;c:\Users\9001433\.vscode\extensions\pivotal.vscode-spring-boot-1.38.0\language-server\BOOT-INF\lib\annotations-23.0.0.jar;c:\Users\9001433\.vscode\extensions\pivotal.vscode-spring-boot-1.38.0\language-server\BOOT-INF\lib\antlr-runtime-3.5.2.jar;c:\Users\9001433\.vscode\extensions\pivotal.vscode-spring-boot-1.38.0\language-server\BOOT-INF\lib\antlr4-4.9.3.jar;c:\Users\9001433\.vscode\extensions\pivotal.vscode-spring-boot-1.38.0\language-server\BOOT-INF\lib\antlr4-runtime-4.9.3.jar;c:\Users\9001433\.vscode\extensions\pivotal.vscode-spring-boot-1.38.0\language-server\BOOT-INF\lib\asm-9.3.jar;c:\Users\9001433\.vscode\extensions\pivotal.vscode-spring-boot-1.38.0\language-server\BOOT-INF\lib\asm-analysis-9.3.jar;c:\Users\9001433\.vscode\extensions\pivotal.vscode-spring-boot-1.38.0\language-server\BOOT-INF\lib\asm-tree-9.3.jar;c:\Users\9001433\.vscode\extensions\pivotal.vscode-spring-boot-1.38.0\language-server\BOOT-INF\lib\asm-util-9.3.jar;c:\Users\9001433\.vscode\extensions\pivotal.vscode-spring-boot-1.38.0\language-server\BOOT-INF\lib\byte-buddy-1.10.18.jar;c:\Users\9001433\.vscode\extensions\pivotal.vscode-spring-boot-1.38.0\language-server\BOOT-INF\lib\caffeine-2.8.6.jar;c:\Users\9001433\.vscode\extensions\pivotal.vscode-spring-boot-1.38.0\language-server\BOOT-INF\lib\checker-qual-3.12.0.jar;c:\Users\9001433\.vscode\extensions\pivotal.vscode-spring-boot-1.38.0\language-server\BOOT-INF\lib\classgraph-4.8.149.jar;c:\Users\9001433\.vscode\extensions\pivotal.vscode-spring-boot-1.38.0\language-server\BOOT-INF\lib\commons-codec-1.14.jar;c:\Users\9001433\.vscode\extensions\pivotal.vscode-spring-boot-1.38.0\language-server\BOOT-INF\lib\commons-compress-1.21.jar;c:\Users\9001433\.vscode\extensions\pivotal.vscode-spring-boot-1.38.0\language-server\BOOT-INF\lib\commons-exec-1.3.jar;c:\Users\9001433\.vscode\extensions\pivotal.vscode-spring-boot-1.38.
Launcher Type: SUN_STANDARD

[Global flags]
     intx CICompilerCount                          = 4                                         {product} {ergonomic}
     uint ConcGCThreads                            = 2                                         {product} {ergonomic}
     uint G1ConcRefinementThreads                  = 8                                         {product} {ergonomic}
   size_t G1HeapRegionSize                         = 2097152                                   {product} {ergonomic}
    uintx GCDrainStackTargetSize                   = 64                                        {product} {ergonomic}
   size_t InitialHeapSize                          = 266338304                                 {product} {ergonomic}
   size_t MarkStackSize                            = 4194304                                   {product} {ergonomic}
   size_t MaxHeapSize                              = 4234149888                                {product} {ergonomic}
   size_t MaxNewSize                               = 2539651072                                {product} {ergonomic}
   size_t MinHeapDeltaBytes                        = 2097152                                   {product} {ergonomic}
   size_t MinHeapSize                              = 8388608                                   {product} {ergonomic}
    uintx NonProfiledCodeHeapSize                  = 0                                      {pd product} {ergonomic}
     bool ProfileInterpreter                       = false                                  {pd product} {command line}
    uintx ProfiledCodeHeapSize                     = 0                                      {pd product} {ergonomic}
   size_t SoftMaxHeapSize                          = 4234149888                             {manageable} {ergonomic}
     intx TieredStopAtLevel                        = 1                                         {product} {command line}
     bool UseCompressedClassPointers               = true                           {product lp64_product} {ergonomic}
     bool UseCompressedOops                        = true                           {product lp64_product} {ergonomic}
     bool UseG1GC                                  = true                                      {product} {ergonomic}
     bool UseLargePagesIndividualAllocation        = false                                  {pd product} {ergonomic}

Logging:
Log output configuration:
 #0: stdout all=warning uptime,level,tags
 #1: stderr all=off uptime,level,tags

Environment Variables:
JAVA_HOME=C:\Users\9001433\scoop\apps\openjdk11\current
PATH=C:\Users\9001433\bin;C:\Users\9001433\scoop\apps\git\2.34.1.windows.1\mingw64\bin;C:\Users\9001433\scoop\apps\git\2.34.1.windows.1\usr\local\bin;C:\Users\9001433\scoop\apps\git\2.34.1.windows.1\usr\bin;C:\Users\9001433\scoop\apps\git\2.34.1.windows.1\usr\bin;C:\Users\9001433\scoop\apps\git\2.34.1.windows.1\mingw64\bin;C:\Users\9001433\scoop\apps\git\2.34.1.windows.1\usr\bin;C:\Users\9001433\bin;C:\Program Files\Common Files\Oracle\Java\javapath;C:\WINDOWS\system32;C:\WINDOWS;C:\WINDOWS\System32\Wbem;C:\WINDOWS\System32\WindowsPowerShell\v1.0;C:\WINDOWS\System32\OpenSSH;C:\Program Files (x86)\NVIDIA Corporation\PhysX\Common;C:\Program Files\Microsoft VS Code\bin;C:\Program Files\Java\jdk-17.0.1\bin;C:\Program Files\Docker\Docker\resources\bin;C:\ProgramData\DockerDesktop\version-bin;C:\Users\9001433\Anaconda3;C:\Users\9001433\Anaconda3\Library\mingw-w64\bin;C:\Users\9001433\Anaconda3\Library\usr\bin;C:\Users\9001433\Anaconda3\Library\bin;C:\Users\9001433\Anaconda3\Scripts;C:\Users\9001433\scoop\apps\python\current\Scripts;C:\Users\9001433\scoop\apps\python\current;C:\Users\9001433\scoop\apps\openjdk11\current\bin;C:\Users\9001433\scoop\apps\maven\current\bin;C:\Users\9001433\scoop\shims;C:\Users\9001433\AppData\Local\Microsoft\WindowsApps;C:\Users\9001433\scoop\apps\git\2.34.1.windows.1\usr\bin\vendor_perl;C:\Users\9001433\scoop\apps\git\2.34.1.windows.1\usr\bin\core_perl
USERNAME=9001433
SHELL=C:\Users\9001433\scoop\apps\git\2.34.1.windows.1\usr\bin\bash.exe
DISPLAY=needs-to-be-defined
LC_CTYPE=pt_BR.UTF-8
TERM=xterm
TMPDIR=C:\Users\9001433\AppData\Local\Temp
OS=Windows_NT
PROCESSOR_IDENTIFIER=Intel64 Family 6 Model 142 Stepping 12, GenuineIntel
TMP=C:\Users\9001433\AppData\Local\Temp
TEMP=C:\Users\9001433\AppData\Local\Temp



---------------  S Y S T E M  ---------------

OS:
 Windows 10 , 64 bit Build 19041 (10.0.19041.1889)
OS uptime: 6 days 0:33 hours
Hyper-V role detected

CPU: total 8 (initial active 8) (4 cores per cpu, 2 threads per core) family 6 model 142 stepping 12 microcode 0xea, cx8, cmov, fxsr, ht, mmx, 3dnowpref, sse, sse2, sse3, ssse3, sse4.1, sse4.2, popcnt, lzcnt, tsc, tscinvbit, avx, avx2, aes, erms, clmul, bmi1, bmi2, adx, fma, vzeroupper, clflush, clflushopt, hv

Memory: 4k page, system-wide physical 16144M (4524M free)
TotalPageFile size 46285M (AvailPageFile size 87M)
current process WorkingSet (physical memory assigned to process): 409M, peak: 409M
current process commit charge ("private bytes"): 444M, peak: 814M

vm_info: OpenJDK 64-Bit Server VM (17.0.4.1+1) for windows-amd64 JRE (17.0.4.1+1), built on Aug 17 2022 07:42:43 by "temurin" with MS VC++ 16.7 (VS2019)

END.
